2019-11-13 09:53:23  [ main:0 ] - [ INFO ]  ===========main开始===========
2019-11-13 09:53:27  [ enmbx-pool-0:3706 ] - [ INFO ]  enmbx-pool-0...开始...
2019-11-13 09:53:27  [ enmbx-pool-0:3706 ] - [ WARN ]  SFTP连接参数错误,请检查sourceConfig配置文件!!!
2019-11-13 09:53:27  [ enmbx-pool-0:3708 ] - [ INFO ]  enmbx-pool-0结束. 还有0 个线程
2019-11-13 09:53:27  [ main:3714 ] - [ INFO ]  ===========主程序结束===========
2019-11-13 09:53:27  [ main:3714 ] - [ INFO ]  本次耗时：3 (秒)
2019-11-13 09:55:02  [ main:0 ] - [ INFO ]  ===========main开始===========
2019-11-13 09:55:07  [ enmbx-pool-0:4181 ] - [ INFO ]  enmbx-pool-0...开始...
2019-11-13 09:55:07  [ enmbx-pool-0:4182 ] - [ WARN ]  SFTP连接参数错误,请检查sourceConfig配置文件!!!
2019-11-13 09:55:07  [ enmbx-pool-0:4189 ] - [ INFO ]  enmbx-pool-0结束. 还有0 个线程
2019-11-13 09:55:07  [ main:4194 ] - [ INFO ]  ===========主程序结束===========
2019-11-13 09:55:07  [ main:4194 ] - [ INFO ]  本次耗时：4 (秒)
2019-11-13 10:01:09  [ main:0 ] - [ INFO ]  ===========main开始===========
2019-11-13 10:01:12  [ enmbx-pool-0:3094 ] - [ INFO ]  enmbx-pool-0...开始...
2019-11-13 10:01:12  [ enmbx-pool-0:3095 ] - [ WARN ]  SFTP连接参数错误,请检查sourceConfig配置文件!!!
2019-11-13 10:01:12  [ main:3106 ] - [ INFO ]  ===========主程序结束===========
2019-11-13 10:01:12  [ main:3107 ] - [ INFO ]  本次耗时：3 (秒)
2019-11-13 10:01:12  [ enmbx-pool-0:3107 ] - [ INFO ]  enmbx-pool-0结束. 还有0 个线程
2019-11-13 10:01:24  [ main:0 ] - [ INFO ]  ===========main开始===========
2019-11-13 10:02:02  [ enmbx-pool-0:37301 ] - [ INFO ]  enmbx-pool-0...开始...
2019-11-13 10:27:10  [ enmbx-pool-0:1545591 ] - [ WARN ]  SFTP连接参数错误,请检查sourceConfig配置文件!!!
2019-11-13 10:27:10  [ enmbx-pool-0:1545594 ] - [ INFO ]  enmbx-pool-0结束. 还有0 个线程
2019-11-13 10:27:10  [ main:1545609 ] - [ INFO ]  ===========主程序结束===========
2019-11-13 10:27:10  [ main:1545612 ] - [ INFO ]  本次耗时：1545 (秒)
2019-11-13 10:27:34  [ main:0 ] - [ INFO ]  ===========main开始===========
2019-11-13 10:27:37  [ enmbx-pool-0:2741 ] - [ INFO ]  enmbx-pool-0...开始...
2019-11-13 10:27:37  [ enmbx-pool-1:2788 ] - [ INFO ]  enmbx-pool-1...开始...
2019-11-13 10:27:37  [ enmbx-pool-2:2795 ] - [ INFO ]  enmbx-pool-2...开始...
2019-11-13 10:27:37  [ enmbx-pool-2:2797 ] - [ WARN ]  SFTP连接参数错误,请检查sourceConfig配置文件!!!
2019-11-13 10:27:37  [ enmbx-pool-2:2797 ] - [ INFO ]  enmbx-pool-2结束. 还有17 个线程
2019-11-13 10:27:37  [ enmbx-pool-2:2798 ] - [ INFO ]  enmbx-pool-2...开始...
2019-11-13 10:27:37  [ enmbx-pool-3:2808 ] - [ INFO ]  enmbx-pool-3...开始...
2019-11-13 10:27:37  [ enmbx-pool-3:2809 ] - [ WARN ]  SFTP连接参数错误,请检查sourceConfig配置文件!!!
2019-11-13 10:27:37  [ enmbx-pool-3:2809 ] - [ INFO ]  enmbx-pool-3结束. 还有16 个线程
2019-11-13 10:27:37  [ enmbx-pool-3:2810 ] - [ INFO ]  enmbx-pool-3...开始...
2019-11-13 10:27:37  [ enmbx-pool-3:2810 ] - [ WARN ]  SFTP连接参数错误,请检查sourceConfig配置文件!!!
2019-11-13 10:27:37  [ enmbx-pool-3:2811 ] - [ INFO ]  enmbx-pool-3结束. 还有15 个线程
2019-11-13 10:27:37  [ enmbx-pool-3:2811 ] - [ INFO ]  enmbx-pool-3...开始...
2019-11-13 10:27:37  [ enmbx-pool-4:2812 ] - [ INFO ]  enmbx-pool-4...开始...
2019-11-13 10:27:37  [ enmbx-pool-5:2813 ] - [ INFO ]  enmbx-pool-5...开始...
2019-11-13 10:27:37  [ enmbx-pool-6:2838 ] - [ INFO ]  enmbx-pool-6...开始...
2019-11-13 10:27:37  [ enmbx-pool-7:2839 ] - [ INFO ]  enmbx-pool-7...开始...
2019-11-13 10:27:37  [ enmbx-pool-8:2888 ] - [ INFO ]  enmbx-pool-8...开始...
2019-11-13 10:27:37  [ enmbx-pool-8:2891 ] - [ WARN ]  SFTP连接参数错误,请检查sourceConfig配置文件!!!
2019-11-13 10:27:37  [ enmbx-pool-8:2893 ] - [ INFO ]  enmbx-pool-8结束. 还有14 个线程
2019-11-13 10:27:37  [ enmbx-pool-8:2894 ] - [ INFO ]  enmbx-pool-8...开始...
2019-11-13 10:27:37  [ enmbx-pool-8:2895 ] - [ WARN ]  SFTP连接参数错误,请检查sourceConfig配置文件!!!
2019-11-13 10:27:37  [ enmbx-pool-8:2895 ] - [ INFO ]  enmbx-pool-8结束. 还有13 个线程
2019-11-13 10:27:37  [ enmbx-pool-8:2896 ] - [ INFO ]  enmbx-pool-8...开始...
2019-11-13 10:27:37  [ enmbx-pool-8:2896 ] - [ WARN ]  SFTP连接参数错误,请检查sourceConfig配置文件!!!
2019-11-13 10:27:37  [ enmbx-pool-8:2896 ] - [ INFO ]  enmbx-pool-8结束. 还有12 个线程
2019-11-13 10:27:37  [ enmbx-pool-8:2897 ] - [ INFO ]  enmbx-pool-8...开始...
2019-11-13 10:27:37  [ enmbx-pool-17:2888 ] - [ INFO ]  enmbx-pool-17...开始...
2019-11-13 10:27:37  [ enmbx-pool-17:2900 ] - [ WARN ]  SFTP连接参数错误,请检查sourceConfig配置文件!!!
2019-11-13 10:27:37  [ enmbx-pool-17:2900 ] - [ INFO ]  enmbx-pool-17结束. 还有11 个线程
2019-11-13 10:27:37  [ enmbx-pool-17:2900 ] - [ INFO ]  enmbx-pool-17...开始...
2019-11-13 10:27:37  [ enmbx-pool-16:2895 ] - [ INFO ]  enmbx-pool-16...开始...
2019-11-13 10:27:37  [ enmbx-pool-16:2902 ] - [ WARN ]  SFTP连接参数错误,请检查sourceConfig配置文件!!!
2019-11-13 10:27:37  [ enmbx-pool-16:2902 ] - [ INFO ]  enmbx-pool-16结束. 还有10 个线程
2019-11-13 10:27:53  [ enmbx-pool-3:18846 ] - [ INFO ]  该channel是新连接的，ID为：1
2019-11-13 10:27:53  [ enmbx-pool-3:18850 ] - [ INFO ]  SFTP登陆成功耗时：18 (秒)
2019-11-13 10:27:53  [ enmbx-pool-2:18846 ] - [ INFO ]  该channel是新连接的，ID为：0
2019-11-13 10:27:53  [ enmbx-pool-3:18851 ] - [ INFO ]  获取：2019111310/PM-ENB-EUTRANCELLTDD-03-*-20191113100000-15.csv.gz
2019-11-13 10:27:53  [ enmbx-pool-2:18852 ] - [ INFO ]  SFTP登陆成功耗时：18 (秒)
2019-11-13 10:27:53  [ enmbx-pool-2:18852 ] - [ INFO ]  获取：2019111310/PM-ENB-EUTRANCELLTDD-02-*-20191113100000-15.csv.gz
2019-11-13 10:27:53  [ enmbx-pool-17:18888 ] - [ INFO ]  该channel是新连接的，ID为：2
2019-11-13 10:27:53  [ enmbx-pool-17:18889 ] - [ INFO ]  SFTP登陆成功耗时：18 (秒)
2019-11-13 10:27:53  [ enmbx-pool-17:18889 ] - [ INFO ]  获取：2019111310/PM-ENB-EUTRANCELLTDD-04-*-20191113100000-15.csv.gz
2019-11-13 10:27:53  [ enmbx-pool-1:18942 ] - [ INFO ]  该channel是新连接的，ID为：3
2019-11-13 10:27:53  [ enmbx-pool-1:18943 ] - [ INFO ]  SFTP登陆成功耗时：18 (秒)
2019-11-13 10:27:53  [ enmbx-pool-1:18943 ] - [ INFO ]  获取：2019111310/PM-ENB-EUTRANCELLTDD-04-*-20191113100000-15.csv.gz
2019-11-13 10:27:53  [ enmbx-pool-5:18944 ] - [ INFO ]  该channel是新连接的，ID为：4
2019-11-13 10:27:53  [ enmbx-pool-8:18944 ] - [ INFO ]  该channel是新连接的，ID为：5
2019-11-13 10:27:53  [ enmbx-pool-5:18945 ] - [ INFO ]  SFTP登陆成功耗时：18 (秒)
2019-11-13 10:27:53  [ enmbx-pool-5:18945 ] - [ INFO ]  获取：2019111310/PM-ENB-EUTRANCELLTDD-05-*-20191113100000-15.csv.gz
2019-11-13 10:27:53  [ enmbx-pool-8:18945 ] - [ INFO ]  SFTP登陆成功耗时：18 (秒)
2019-11-13 10:27:53  [ enmbx-pool-8:18946 ] - [ INFO ]  获取：2019111310/PM-ENB-EUTRANCELLTDD-02-*-20191113100000-15.csv.gz
2019-11-13 10:27:53  [ enmbx-pool-4:18978 ] - [ INFO ]  该channel是新连接的，ID为：6
2019-11-13 10:27:53  [ enmbx-pool-4:18979 ] - [ INFO ]  SFTP登陆成功耗时：18 (秒)
2019-11-13 10:27:53  [ enmbx-pool-4:18979 ] - [ INFO ]  获取：2019111310/PM-ENB-EUTRANCELLTDD-03-*-20191113100000-15.csv.gz
2019-11-13 10:27:53  [ enmbx-pool-0:19042 ] - [ INFO ]  该channel是新连接的，ID为：7
2019-11-13 10:27:53  [ enmbx-pool-0:19042 ] - [ INFO ]  SFTP登陆成功耗时：19 (秒)
2019-11-13 10:27:53  [ enmbx-pool-0:19042 ] - [ INFO ]  获取：2019111310/PM-ENB-EUTRANCELLTDD-03-*-20191113100000-15.csv.gz
2019-11-13 10:27:53  [ enmbx-pool-6:19088 ] - [ INFO ]  该channel是新连接的，ID为：9
2019-11-13 10:27:53  [ enmbx-pool-6:19088 ] - [ INFO ]  SFTP登陆成功耗时：19 (秒)
2019-11-13 10:27:53  [ enmbx-pool-6:19089 ] - [ INFO ]  获取：2019111310/PM-ENB-EUTRANCELLTDD-03-*-20191113100000-15.csv.gz
2019-11-13 10:27:53  [ enmbx-pool-7:19094 ] - [ INFO ]  该channel是新连接的，ID为：8
2019-11-13 10:27:53  [ enmbx-pool-7:19095 ] - [ INFO ]  SFTP登陆成功耗时：19 (秒)
2019-11-13 10:27:53  [ enmbx-pool-7:19095 ] - [ INFO ]  获取：2019111310/PM-ENB-EUTRANCELLTDD-02-*-20191113100000-15.csv.gz
2019-11-13 10:27:53  [ enmbx-pool-3:19418 ] - [ INFO ]  正常模式 文件名：PM-ENB-EUTRANCELLTDD-03-V3.2.0-20191113100000-15.csv
2019-11-13 10:27:53  [ enmbx-pool-3:19428 ] - [ INFO ]  ========开始下载文件========
2019-11-13 10:27:53  [ enmbx-pool-2:19429 ] - [ INFO ]  正常模式 文件名：PM-ENB-EUTRANCELLTDD-02-V3.2.0-20191113100000-15.csv
2019-11-13 10:27:53  [ enmbx-pool-2:19431 ] - [ INFO ]  ========开始下载文件========
2019-11-13 10:27:53  [ enmbx-pool-17:19504 ] - [ INFO ]  正常模式 文件名：PM-ENB-EUTRANCELLTDD-04-V3.2.0-20191113100000-15.csv
2019-11-13 10:27:53  [ enmbx-pool-17:19507 ] - [ INFO ]  ========开始下载文件========
2019-11-13 10:27:53  [ enmbx-pool-1:19538 ] - [ INFO ]  正常模式 文件名：PM-ENB-EUTRANCELLTDD-04-V3.2.0-20191113100000-15.csv
2019-11-13 10:27:53  [ enmbx-pool-1:19540 ] - [ INFO ]  ========开始下载文件========
2019-11-13 10:27:53  [ enmbx-pool-5:19561 ] - [ INFO ]  正常模式 文件名：PM-ENB-EUTRANCELLTDD-05-V3.2.0-20191113100000-15.csv
2019-11-13 10:27:53  [ enmbx-pool-8:19561 ] - [ INFO ]  正常模式 文件名：PM-ENB-EUTRANCELLTDD-02-V3.2.0-20191113100000-15.csv
2019-11-13 10:27:53  [ enmbx-pool-8:19563 ] - [ INFO ]  ========开始下载文件========
2019-11-13 10:27:53  [ enmbx-pool-5:19563 ] - [ INFO ]  ========开始下载文件========
2019-11-13 10:27:53  [ enmbx-pool-4:19596 ] - [ INFO ]  正常模式 文件名：PM-ENB-EUTRANCELLTDD-03-V3.2.0-20191113100000-15.csv
2019-11-13 10:27:53  [ enmbx-pool-4:19599 ] - [ INFO ]  ========开始下载文件========
2019-11-13 10:27:53  [ enmbx-pool-0:19615 ] - [ INFO ]  正常模式 文件名：PM-ENB-EUTRANCELLTDD-03-V3.2.0-20191113100000-15.csv
2019-11-13 10:27:53  [ enmbx-pool-0:19617 ] - [ INFO ]  ========开始下载文件========
2019-11-13 10:27:54  [ enmbx-pool-7:19713 ] - [ INFO ]  正常模式 文件名：PM-ENB-EUTRANCELLTDD-02-V3.2.0-20191113100000-15.csv
2019-11-13 10:27:54  [ enmbx-pool-6:19713 ] - [ INFO ]  正常模式 文件名：PM-ENB-EUTRANCELLTDD-03-V3.2.0-20191113100000-15.csv
2019-11-13 10:27:54  [ enmbx-pool-7:19715 ] - [ INFO ]  ========开始下载文件========
2019-11-13 10:27:54  [ enmbx-pool-6:19716 ] - [ INFO ]  ========开始下载文件========
2019-11-13 11:27:13  [ main:0 ] - [ INFO ]  ===========main开始===========
2019-11-13 11:27:16  [ enmbx-pool-0:2848 ] - [ INFO ]  enmbx-pool-0...开始...
2019-11-13 11:27:16  [ enmbx-pool-1:2854 ] - [ INFO ]  enmbx-pool-1...开始...
2019-11-13 11:27:16  [ enmbx-pool-2:2859 ] - [ INFO ]  enmbx-pool-2...开始...
2019-11-13 11:27:16  [ enmbx-pool-2:2860 ] - [ WARN ]  SFTP连接参数错误,请检查sourceConfig配置文件!!!
2019-11-13 11:27:16  [ enmbx-pool-2:2860 ] - [ INFO ]  enmbx-pool-2结束. 还有17 个线程
2019-11-13 11:27:16  [ enmbx-pool-2:2864 ] - [ INFO ]  enmbx-pool-2...开始...
2019-11-13 11:27:16  [ enmbx-pool-3:2865 ] - [ INFO ]  enmbx-pool-3...开始...
2019-11-13 11:27:16  [ enmbx-pool-4:2865 ] - [ INFO ]  enmbx-pool-4...开始...
2019-11-13 11:27:16  [ enmbx-pool-4:2866 ] - [ WARN ]  SFTP连接参数错误,请检查sourceConfig配置文件!!!
2019-11-13 11:27:16  [ enmbx-pool-4:2866 ] - [ INFO ]  enmbx-pool-4结束. 还有16 个线程
2019-11-13 11:27:16  [ enmbx-pool-4:2867 ] - [ INFO ]  enmbx-pool-4...开始...
2019-11-13 11:27:16  [ enmbx-pool-3:2865 ] - [ WARN ]  SFTP连接参数错误,请检查sourceConfig配置文件!!!
2019-11-13 11:27:16  [ enmbx-pool-3:2907 ] - [ INFO ]  enmbx-pool-3结束. 还有15 个线程
2019-11-13 11:27:16  [ enmbx-pool-3:2908 ] - [ INFO ]  enmbx-pool-3...开始...
2019-11-13 11:27:16  [ enmbx-pool-3:2909 ] - [ WARN ]  SFTP连接参数错误,请检查sourceConfig配置文件!!!
2019-11-13 11:27:16  [ enmbx-pool-3:2912 ] - [ INFO ]  enmbx-pool-3结束. 还有14 个线程
2019-11-13 11:27:16  [ enmbx-pool-3:2913 ] - [ INFO ]  enmbx-pool-3...开始...
2019-11-13 11:27:16  [ enmbx-pool-3:2913 ] - [ WARN ]  SFTP连接参数错误,请检查sourceConfig配置文件!!!
2019-11-13 11:27:16  [ enmbx-pool-3:2914 ] - [ INFO ]  enmbx-pool-3结束. 还有13 个线程
2019-11-13 11:27:16  [ enmbx-pool-29:2914 ] - [ INFO ]  enmbx-pool-29...开始...
2019-11-13 11:27:16  [ enmbx-pool-27:2914 ] - [ INFO ]  enmbx-pool-27...开始...
2019-11-13 11:27:16  [ enmbx-pool-25:2915 ] - [ INFO ]  enmbx-pool-25...开始...
2019-11-13 11:27:16  [ enmbx-pool-23:2915 ] - [ INFO ]  enmbx-pool-23...开始...
2019-11-13 11:27:16  [ enmbx-pool-20:2915 ] - [ INFO ]  enmbx-pool-20...开始...
2019-11-13 11:27:16  [ enmbx-pool-18:2916 ] - [ INFO ]  enmbx-pool-18...开始...
2019-11-13 11:27:16  [ enmbx-pool-16:2917 ] - [ INFO ]  enmbx-pool-16...开始...
2019-11-13 11:27:16  [ enmbx-pool-16:2917 ] - [ WARN ]  SFTP连接参数错误,请检查sourceConfig配置文件!!!
2019-11-13 11:27:16  [ enmbx-pool-16:2918 ] - [ INFO ]  enmbx-pool-16结束. 还有12 个线程
2019-11-13 11:27:16  [ enmbx-pool-35:2907 ] - [ INFO ]  enmbx-pool-35...开始...
2019-11-13 11:27:16  [ enmbx-pool-8:2907 ] - [ INFO ]  enmbx-pool-8...开始...
2019-11-13 11:27:16  [ enmbx-pool-7:2867 ] - [ INFO ]  enmbx-pool-7...开始...
2019-11-13 11:27:16  [ enmbx-pool-6:2866 ] - [ INFO ]  enmbx-pool-6...开始...
2019-11-13 11:27:16  [ enmbx-pool-5:2866 ] - [ INFO ]  enmbx-pool-5...开始...
2019-11-13 11:27:16  [ enmbx-pool-14:2917 ] - [ INFO ]  enmbx-pool-14...开始...
2019-11-13 11:27:16  [ enmbx-pool-15:2917 ] - [ INFO ]  enmbx-pool-15...开始...
2019-11-13 11:27:16  [ enmbx-pool-17:2916 ] - [ INFO ]  enmbx-pool-17...开始...
2019-11-13 11:27:16  [ enmbx-pool-17:2921 ] - [ WARN ]  SFTP连接参数错误,请检查sourceConfig配置文件!!!
2019-11-13 11:27:16  [ enmbx-pool-17:2921 ] - [ INFO ]  enmbx-pool-17结束. 还有11 个线程
2019-11-13 11:27:16  [ enmbx-pool-20:2916 ] - [ WARN ]  SFTP连接参数错误,请检查sourceConfig配置文件!!!
2019-11-13 11:27:16  [ enmbx-pool-20:2922 ] - [ INFO ]  enmbx-pool-20结束. 还有17 个线程
2019-11-13 11:27:16  [ enmbx-pool-19:2915 ] - [ INFO ]  enmbx-pool-19...开始...
2019-11-13 11:27:16  [ enmbx-pool-23:2915 ] - [ WARN ]  SFTP连接参数错误,请检查sourceConfig配置文件!!!
2019-11-13 11:27:16  [ enmbx-pool-23:2923 ] - [ INFO ]  enmbx-pool-23结束. 还有16 个线程
2019-11-13 11:27:16  [ enmbx-pool-21:2915 ] - [ INFO ]  enmbx-pool-21...开始...
2019-11-13 11:27:16  [ enmbx-pool-21:2924 ] - [ WARN ]  SFTP连接参数错误,请检查sourceConfig配置文件!!!
2019-11-13 11:27:16  [ enmbx-pool-21:2924 ] - [ INFO ]  enmbx-pool-21结束. 还有15 个线程
2019-11-13 11:27:16  [ enmbx-pool-22:2915 ] - [ INFO ]  enmbx-pool-22...开始...
2019-11-13 11:27:16  [ enmbx-pool-22:2925 ] - [ WARN ]  SFTP连接参数错误,请检查sourceConfig配置文件!!!
2019-11-13 11:27:16  [ enmbx-pool-22:2925 ] - [ INFO ]  enmbx-pool-22结束. 还有14 个线程
2019-11-13 11:27:16  [ enmbx-pool-24:2915 ] - [ INFO ]  enmbx-pool-24...开始...
2019-11-13 11:27:16  [ enmbx-pool-24:2926 ] - [ WARN ]  SFTP连接参数错误,请检查sourceConfig配置文件!!!
2019-11-13 11:27:16  [ enmbx-pool-24:2927 ] - [ INFO ]  enmbx-pool-24结束. 还有13 个线程
2019-11-13 11:27:16  [ enmbx-pool-26:2914 ] - [ INFO ]  enmbx-pool-26...开始...
2019-11-13 11:27:16  [ enmbx-pool-28:2914 ] - [ INFO ]  enmbx-pool-28...开始...
2019-11-13 11:27:16  [ enmbx-pool-3:2914 ] - [ INFO ]  enmbx-pool-3...开始...
2019-11-13 11:27:16  [ enmbx-pool-30:2914 ] - [ INFO ]  enmbx-pool-30...开始...
2019-11-13 11:27:16  [ enmbx-pool-30:2929 ] - [ WARN ]  SFTP连接参数错误,请检查sourceConfig配置文件!!!
2019-11-13 11:27:16  [ enmbx-pool-30:2929 ] - [ INFO ]  enmbx-pool-30结束. 还有12 个线程
2019-11-13 11:27:16  [ enmbx-pool-31:2914 ] - [ INFO ]  enmbx-pool-31...开始...
2019-11-13 11:27:16  [ enmbx-pool-31:2930 ] - [ WARN ]  SFTP连接参数错误,请检查sourceConfig配置文件!!!
2019-11-13 11:27:16  [ enmbx-pool-31:2931 ] - [ INFO ]  enmbx-pool-31结束. 还有11 个线程
2019-11-13 11:27:16  [ enmbx-pool-32:2913 ] - [ INFO ]  enmbx-pool-32...开始...
2019-11-13 11:27:16  [ enmbx-pool-33:2913 ] - [ INFO ]  enmbx-pool-33...开始...
2019-11-13 11:27:16  [ enmbx-pool-33:2940 ] - [ WARN ]  SFTP连接参数错误,请检查sourceConfig配置文件!!!
2019-11-13 11:27:16  [ enmbx-pool-33:2940 ] - [ INFO ]  enmbx-pool-33结束. 还有10 个线程
2019-11-13 11:27:16  [ enmbx-pool-34:2908 ] - [ INFO ]  enmbx-pool-34...开始...
2019-11-13 11:27:16  [ enmbx-pool-3:2928 ] - [ WARN ]  SFTP连接参数错误,请检查sourceConfig配置文件!!!
2019-11-13 11:27:16  [ enmbx-pool-3:2942 ] - [ INFO ]  enmbx-pool-3结束. 还有10 个线程
2019-11-13 11:27:30  [ enmbx-pool-35:16943 ] - [ INFO ]  该channel是新连接的，ID为：0
2019-11-13 11:27:30  [ enmbx-pool-19:16943 ] - [ INFO ]  该channel是新连接的，ID为：1
2019-11-13 11:27:30  [ enmbx-pool-35:16943 ] - [ INFO ]  SFTP登陆成功耗时：16 (秒)
2019-11-13 11:27:30  [ enmbx-pool-32:16946 ] - [ INFO ]  该channel是新连接的，ID为：2
2019-11-13 11:27:30  [ enmbx-pool-19:16946 ] - [ INFO ]  SFTP登陆成功耗时：16 (秒)
2019-11-13 11:27:30  [ enmbx-pool-4:16946 ] - [ INFO ]  该channel是新连接的，ID为：5
2019-11-13 11:27:30  [ enmbx-pool-0:16946 ] - [ INFO ]  该channel是新连接的，ID为：4
2019-11-13 11:27:30  [ enmbx-pool-29:16946 ] - [ INFO ]  该channel是新连接的，ID为：6
2019-11-13 11:27:30  [ enmbx-pool-34:16946 ] - [ INFO ]  该channel是新连接的，ID为：3
2019-11-13 11:27:30  [ enmbx-pool-29:16949 ] - [ INFO ]  SFTP登陆成功耗时：16 (秒)
2019-11-13 11:27:30  [ enmbx-pool-0:16948 ] - [ INFO ]  SFTP登陆成功耗时：16 (秒)
2019-11-13 11:27:30  [ enmbx-pool-4:16948 ] - [ INFO ]  SFTP登陆成功耗时：16 (秒)
2019-11-13 11:27:30  [ enmbx-pool-19:16948 ] - [ INFO ]  获取：2019111311/PM-NBIoT-EUTRANCELLNB-02-*-20191113110000-15.csv.gz
2019-11-13 11:27:30  [ enmbx-pool-32:16947 ] - [ INFO ]  SFTP登陆成功耗时：16 (秒)
2019-11-13 11:27:30  [ enmbx-pool-35:16947 ] - [ INFO ]  获取：2019111311/PM-NBIoT-EUTRANCELLNB-03-*-20191113110000-15.csv.gz
2019-11-13 11:27:30  [ enmbx-pool-32:16950 ] - [ INFO ]  获取：2019111311/PM-NBIoT-EUTRANCELLNB-02-*-20191113110000-15.csv.gz
2019-11-13 11:27:30  [ enmbx-pool-4:16950 ] - [ INFO ]  获取：2019111311/PM-ENB-EUTRANCELLTDD-05-*-20191113110000-15.csv.gz
2019-11-13 11:27:30  [ enmbx-pool-0:16950 ] - [ INFO ]  获取：2019111311/PM-ENB-EUTRANCELLTDD-03-*-20191113110000-15.csv.gz
2019-11-13 11:27:30  [ enmbx-pool-29:16949 ] - [ INFO ]  获取：2019111311/PM-NBIoT-EUTRANCELLNB-03-*-20191113110000-15.csv.gz
2019-11-13 11:27:30  [ enmbx-pool-34:16949 ] - [ INFO ]  SFTP登陆成功耗时：16 (秒)
2019-11-13 11:27:30  [ enmbx-pool-34:16952 ] - [ INFO ]  获取：2019111311/PM-NBIoT-EUTRANCELLNB-04-*-20191113110000-15.csv.gz
2019-11-13 11:27:30  [ enmbx-pool-6:16992 ] - [ INFO ]  该channel是新连接的，ID为：7
2019-11-13 11:27:30  [ enmbx-pool-6:16993 ] - [ INFO ]  SFTP登陆成功耗时：16 (秒)
2019-11-13 11:27:30  [ enmbx-pool-6:16994 ] - [ INFO ]  获取：2019111311/PM-ENB-EUTRANCELLTDD-03-*-20191113110000-15.csv.gz
2019-11-13 11:27:30  [ enmbx-pool-28:17070 ] - [ INFO ]  该channel是新连接的，ID为：8
2019-11-13 11:27:30  [ enmbx-pool-28:17071 ] - [ INFO ]  SFTP登陆成功耗时：17 (秒)
2019-11-13 11:27:30  [ enmbx-pool-28:17072 ] - [ INFO ]  获取：2019111311/PM-NBIoT-EUTRANCELLNB-03-*-20191113110000-15.csv.gz
2019-11-13 11:27:30  [ enmbx-pool-1:17072 ] - [ INFO ]  该channel是新连接的，ID为：10
2019-11-13 11:27:30  [ enmbx-pool-1:17074 ] - [ INFO ]  SFTP登陆成功耗时：17 (秒)
2019-11-13 11:27:30  [ enmbx-pool-1:17079 ] - [ INFO ]  获取：2019111311/PM-ENB-EUTRANCELLTDD-04-*-20191113110000-15.csv.gz
2019-11-13 11:27:30  [ enmbx-pool-7:17081 ] - [ INFO ]  该channel是新连接的，ID为：11
2019-11-13 11:27:30  [ enmbx-pool-7:17081 ] - [ INFO ]  SFTP登陆成功耗时：17 (秒)
2019-11-13 11:27:30  [ enmbx-pool-7:17081 ] - [ INFO ]  获取：2019111311/PM-ENB-EUTRANCELLTDD-03-*-20191113110000-15.csv.gz
2019-11-13 11:27:30  [ enmbx-pool-25:17084 ] - [ INFO ]  该channel是新连接的，ID为：9
2019-11-13 11:27:30  [ enmbx-pool-25:17085 ] - [ INFO ]  SFTP登陆成功耗时：17 (秒)
2019-11-13 11:27:30  [ enmbx-pool-25:17085 ] - [ INFO ]  获取：2019111311/PM-NBIoT-EUTRANCELLNB-02-*-20191113110000-15.csv.gz
2019-11-13 11:27:30  [ enmbx-pool-8:17148 ] - [ INFO ]  该channel是新连接的，ID为：12
2019-11-13 11:27:30  [ enmbx-pool-8:17148 ] - [ INFO ]  SFTP登陆成功耗时：17 (秒)
2019-11-13 11:27:30  [ enmbx-pool-8:17149 ] - [ INFO ]  获取：2019111311/PM-ENB-EUTRANCELLTDD-02-*-20191113110000-15.csv.gz
2019-11-13 11:27:30  [ enmbx-pool-2:17165 ] - [ INFO ]  该channel是新连接的，ID为：14
2019-11-13 11:27:30  [ enmbx-pool-2:17166 ] - [ INFO ]  SFTP登陆成功耗时：17 (秒)
2019-11-13 11:27:30  [ enmbx-pool-2:17168 ] - [ INFO ]  获取：2019111311/PM-ENB-EUTRANCELLTDD-02-*-20191113110000-15.csv.gz
2019-11-13 11:27:30  [ enmbx-pool-5:17184 ] - [ INFO ]  该channel是新连接的，ID为：13
2019-11-13 11:27:30  [ enmbx-pool-5:17189 ] - [ INFO ]  SFTP登陆成功耗时：17 (秒)
2019-11-13 11:27:30  [ enmbx-pool-5:17191 ] - [ INFO ]  获取：2019111311/PM-ENB-EUTRANCELLTDD-03-*-20191113110000-15.csv.gz
2019-11-13 11:27:30  [ enmbx-pool-26:17307 ] - [ INFO ]  该channel是新连接的，ID为：17
2019-11-13 11:27:30  [ enmbx-pool-26:17309 ] - [ INFO ]  SFTP登陆成功耗时：17 (秒)
2019-11-13 11:27:30  [ enmbx-pool-26:17310 ] - [ INFO ]  获取：2019111311/PM-NBIoT-EUTRANCELLNB-03-*-20191113110000-15.csv.gz
2019-11-13 11:27:30  [ enmbx-pool-15:17307 ] - [ INFO ]  该channel是新连接的，ID为：16
2019-11-13 11:27:30  [ enmbx-pool-18:17311 ] - [ INFO ]  该channel是新连接的，ID为：15
2019-11-13 11:27:30  [ enmbx-pool-15:17312 ] - [ INFO ]  SFTP登陆成功耗时：17 (秒)
2019-11-13 11:27:30  [ enmbx-pool-18:17312 ] - [ INFO ]  SFTP登陆成功耗时：17 (秒)
2019-11-13 11:27:30  [ enmbx-pool-15:17312 ] - [ INFO ]  获取：2019111311/PM-ENB-EUTRANCELLTDD-02-*-20191113110000-15.csv.gz
2019-11-13 11:27:30  [ enmbx-pool-18:17312 ] - [ INFO ]  获取：2019111311/PM-NBIoT-EUTRANCELLNB-04-*-20191113110000-15.csv.gz
2019-11-13 11:27:31  [ enmbx-pool-14:17383 ] - [ INFO ]  该channel是新连接的，ID为：19
2019-11-13 11:27:31  [ enmbx-pool-14:17384 ] - [ INFO ]  SFTP登陆成功耗时：17 (秒)
2019-11-13 11:27:31  [ enmbx-pool-14:17384 ] - [ INFO ]  获取：2019111311/PM-ENB-EUTRANCELLTDD-04-*-20191113110000-15.csv.gz
2019-11-13 11:27:31  [ enmbx-pool-27:17425 ] - [ INFO ]  该channel是新连接的，ID为：18
2019-11-13 11:27:31  [ enmbx-pool-27:17426 ] - [ INFO ]  SFTP登陆成功耗时：17 (秒)
2019-11-13 11:27:31  [ enmbx-pool-27:17426 ] - [ INFO ]  获取：2019111311/PM-NBIoT-EUTRANCELLNB-05-*-20191113110000-15.csv.gz
2019-11-13 11:27:31  [ enmbx-pool-32:17531 ] - [ INFO ]  正常模式 文件名：PM-NBIoT-EUTRANCELLNB-02-V3.2.0-20191113110000-15.csv
2019-11-13 11:27:31  [ enmbx-pool-29:17531 ] - [ INFO ]  正常模式 文件名：PM-NBIoT-EUTRANCELLNB-03-V3.2.0-20191113110000-15.csv
2019-11-13 11:27:31  [ enmbx-pool-35:17557 ] - [ INFO ]  正常模式 文件名：PM-NBIoT-EUTRANCELLNB-03-V3.2.0-20191113110000-15.csv
2019-11-13 11:27:31  [ enmbx-pool-0:17557 ] - [ INFO ]  正常模式 文件名：PM-ENB-EUTRANCELLTDD-03-V3.2.0-20191113110000-15.csv
2019-11-13 11:27:31  [ enmbx-pool-4:17557 ] - [ INFO ]  正常模式 文件名：PM-ENB-EUTRANCELLTDD-05-V3.2.0-20191113110000-15.csv
2019-11-13 11:27:31  [ enmbx-pool-19:17571 ] - [ INFO ]  enmbx-pool-19获取不到该时段文件，30 (秒) 后继续查询
2019-11-13 11:27:31  [ enmbx-pool-35:17575 ] - [ INFO ]  ========开始下载文件========
2019-11-13 11:27:31  [ enmbx-pool-0:17583 ] - [ INFO ]  ========开始下载文件========
2019-11-13 11:27:31  [ enmbx-pool-34:17615 ] - [ INFO ]  正常模式 文件名：PM-NBIoT-EUTRANCELLNB-04-V3.2.0-20191113110000-15.csv
2019-11-13 11:27:31  [ enmbx-pool-6:17616 ] - [ INFO ]  正常模式 文件名：PM-ENB-EUTRANCELLTDD-03-V3.2.0-20191113110000-15.csv
2019-11-13 11:27:31  [ enmbx-pool-34:17628 ] - [ INFO ]  ========开始下载文件========
2019-11-13 11:27:31  [ enmbx-pool-6:17631 ] - [ INFO ]  ========开始下载文件========
2019-11-13 11:27:31  [ enmbx-pool-4:17628 ] - [ INFO ]  ========开始下载文件========
2019-11-13 11:27:31  [ enmbx-pool-29:17632 ] - [ INFO ]  ========开始下载文件========
2019-11-13 11:27:31  [ enmbx-pool-32:17632 ] - [ INFO ]  ========开始下载文件========
2019-11-13 11:27:31  [ enmbx-pool-28:17673 ] - [ INFO ]  enmbx-pool-28获取不到该时段文件，30 (秒) 后继续查询
2019-11-13 11:27:31  [ enmbx-pool-1:17678 ] - [ INFO ]  正常模式 文件名：PM-ENB-EUTRANCELLTDD-04-V3.2.0-20191113110000-15.csv
2019-11-13 11:27:31  [ enmbx-pool-1:17692 ] - [ INFO ]  ========开始下载文件========
2019-11-13 11:27:31  [ enmbx-pool-2:17725 ] - [ INFO ]  正常模式 文件名：PM-ENB-EUTRANCELLTDD-02-V3.2.0-20191113110000-15.csv
2019-11-13 11:27:31  [ enmbx-pool-2:17727 ] - [ INFO ]  ========开始下载文件========
2019-11-13 11:27:31  [ enmbx-pool-25:17753 ] - [ INFO ]  正常模式 文件名：PM-NBIoT-EUTRANCELLNB-02-V3.2.0-20191113110000-15.csv
2019-11-13 11:27:31  [ enmbx-pool-7:17753 ] - [ INFO ]  正常模式 文件名：PM-ENB-EUTRANCELLTDD-03-V3.2.0-20191113110000-15.csv
2019-11-13 11:27:31  [ enmbx-pool-25:17758 ] - [ INFO ]  ========开始下载文件========
2019-11-13 11:27:31  [ enmbx-pool-7:17759 ] - [ INFO ]  ========开始下载文件========
2019-11-13 11:27:31  [ enmbx-pool-5:17800 ] - [ INFO ]  正常模式 文件名：PM-ENB-EUTRANCELLTDD-03-V3.2.0-20191113110000-15.csv
2019-11-13 11:27:31  [ enmbx-pool-8:17800 ] - [ INFO ]  正常模式 文件名：PM-ENB-EUTRANCELLTDD-02-V3.2.0-20191113110000-15.csv
2019-11-13 11:27:31  [ enmbx-pool-5:17804 ] - [ INFO ]  ========开始下载文件========
2019-11-13 11:27:31  [ enmbx-pool-8:17804 ] - [ INFO ]  ========开始下载文件========
2019-11-13 11:27:31  [ enmbx-pool-26:17902 ] - [ INFO ]  enmbx-pool-26获取不到该时段文件，30 (秒) 后继续查询
2019-11-13 11:27:31  [ enmbx-pool-15:17914 ] - [ INFO ]  正常模式 文件名：PM-ENB-EUTRANCELLTDD-02-V3.2.0-20191113110000-15.csv
2019-11-13 11:27:31  [ enmbx-pool-15:17918 ] - [ INFO ]  ========开始下载文件========
2019-11-13 11:27:31  [ enmbx-pool-18:17960 ] - [ INFO ]  正常模式 文件名：PM-NBIoT-EUTRANCELLNB-04-V3.2.0-20191113110000-15.csv
2019-11-13 11:27:31  [ enmbx-pool-18:17961 ] - [ INFO ]  ========开始下载文件========
2019-11-13 11:27:31  [ enmbx-pool-14:17976 ] - [ INFO ]  正常模式 文件名：PM-ENB-EUTRANCELLTDD-04-V3.2.0-20191113110000-15.csv
2019-11-13 11:27:31  [ enmbx-pool-14:17978 ] - [ INFO ]  ========开始下载文件========
2019-11-13 11:27:31  [ enmbx-pool-27:18051 ] - [ INFO ]  正常模式 文件名：PM-NBIoT-EUTRANCELLNB-05-V3.2.0-20191113110000-15.csv
2019-11-13 11:27:31  [ enmbx-pool-27:18054 ] - [ INFO ]  ========开始下载文件========
2019-11-13 11:27:33  [ enmbx-pool-32:20040 ] - [ INFO ]  ========开始删除文件========
2019-11-13 11:27:33  [ enmbx-pool-29:20040 ] - [ INFO ]  ========开始删除文件========
2019-11-13 11:27:33  [ enmbx-pool-34:20310 ] - [ INFO ]  ========开始删除文件========
2019-11-13 11:27:33  [ enmbx-pool-35:20310 ] - [ INFO ]  ========开始删除文件========
2019-11-13 11:27:34  [ enmbx-pool-25:21296 ] - [ INFO ]  ========开始删除文件========
2019-11-13 11:27:35  [ enmbx-pool-18:22152 ] - [ INFO ]  ========开始删除文件========
2019-11-13 11:27:36  [ enmbx-pool-27:22502 ] - [ INFO ]  ========开始删除文件========
2019-11-13 11:27:36  [ enmbx-pool-29:22564 ] - [ INFO ]  PM-NBIoT-EUTRANCELLNB-03-V3.2.0-20191113110000-15.csv.gz 原文件大小：1375
2019-11-13 11:27:36  [ enmbx-pool-32:22564 ] - [ INFO ]  PM-NBIoT-EUTRANCELLNB-02-V3.2.0-20191113110000-15.csv.gz 原文件大小：1299
2019-11-13 11:27:36  [ enmbx-pool-29:22598 ] - [ INFO ]  文件处理耗时：22 (秒)
2019-11-13 11:27:36  [ enmbx-pool-32:22606 ] - [ INFO ]  文件处理耗时：22 (秒)
2019-11-13 11:27:36  [ enmbx-pool-29:22609 ] - [ INFO ]  PM-NBIoT-EUTRANCELLNB-03-V3.2.0-20191113110000-15.csv.gz 文件大小：1380
2019-11-13 11:27:36  [ enmbx-pool-32:22609 ] - [ INFO ]  PM-NBIoT-EUTRANCELLNB-02-V3.2.0-20191113110000-15.csv.gz 文件大小：1302
2019-11-13 11:27:36  [ enmbx-pool-34:22614 ] - [ INFO ]  PM-NBIoT-EUTRANCELLNB-04-V3.2.0-20191113110000-15.csv.gz 原文件大小：1370
2019-11-13 11:27:36  [ enmbx-pool-35:22614 ] - [ INFO ]  PM-NBIoT-EUTRANCELLNB-03-V3.2.0-20191113110000-15.csv.gz 原文件大小：1313
2019-11-13 11:27:36  [ enmbx-pool-35:22640 ] - [ INFO ]  文件处理耗时：22 (秒)
2019-11-13 11:27:36  [ enmbx-pool-34:22640 ] - [ INFO ]  文件处理耗时：22 (秒)
2019-11-13 11:27:36  [ enmbx-pool-35:22644 ] - [ INFO ]  PM-NBIoT-EUTRANCELLNB-03-V3.2.0-20191113110000-15.csv.gz 文件大小：1317
2019-11-13 11:27:36  [ enmbx-pool-34:22645 ] - [ INFO ]  PM-NBIoT-EUTRANCELLNB-04-V3.2.0-20191113110000-15.csv.gz 文件大小：1375
2019-11-13 11:27:36  [ enmbx-pool-25:22959 ] - [ INFO ]  PM-NBIoT-EUTRANCELLNB-02-V3.2.0-20191113110000-15.csv.gz 原文件大小：1469
2019-11-13 11:27:36  [ enmbx-pool-25:22969 ] - [ INFO ]  文件处理耗时：22 (秒)
2019-11-13 11:27:36  [ enmbx-pool-25:22972 ] - [ INFO ]  PM-NBIoT-EUTRANCELLNB-02-V3.2.0-20191113110000-15.csv.gz 文件大小：1473
2019-11-13 11:27:36  [ enmbx-pool-18:23292 ] - [ INFO ]  PM-NBIoT-EUTRANCELLNB-04-V3.2.0-20191113110000-15.csv.gz 原文件大小：1166
2019-11-13 11:27:36  [ enmbx-pool-18:23304 ] - [ INFO ]  文件处理耗时：23 (秒)
2019-11-13 11:27:36  [ enmbx-pool-18:23310 ] - [ INFO ]  PM-NBIoT-EUTRANCELLNB-04-V3.2.0-20191113110000-15.csv.gz 文件大小：1170
2019-11-13 11:27:37  [ enmbx-pool-27:23491 ] - [ INFO ]  PM-NBIoT-EUTRANCELLNB-05-V3.2.0-20191113110000-15.csv.gz 原文件大小：1898
2019-11-13 11:27:37  [ enmbx-pool-27:23522 ] - [ INFO ]  文件处理耗时：23 (秒)
2019-11-13 11:27:37  [ enmbx-pool-27:23525 ] - [ INFO ]  PM-NBIoT-EUTRANCELLNB-05-V3.2.0-20191113110000-15.csv.gz 文件大小：1900
2019-11-13 11:27:38  [ enmbx-pool-32:25060 ] - [ INFO ]  =======10.212.111.185TDD上传成功=======
2019-11-13 11:27:38  [ enmbx-pool-29:25103 ] - [ INFO ]  =======10.212.111.186TDD上传成功=======
2019-11-13 11:27:38  [ enmbx-pool-34:25137 ] - [ INFO ]  =======10.212.254.209TDD上传成功=======
2019-11-13 11:27:38  [ enmbx-pool-35:25160 ] - [ INFO ]  =======10.212.202.164TDD上传成功=======
2019-11-13 11:27:39  [ enmbx-pool-25:25437 ] - [ INFO ]  =======10.212.202.163TDD上传成功=======
2019-11-13 11:27:39  [ enmbx-pool-18:25825 ] - [ INFO ]  =======10.212.202.165TDD上传成功=======
2019-11-13 11:27:39  [ enmbx-pool-27:26059 ] - [ INFO ]  =======10.212.254.210TDD上传成功=======
2019-11-13 11:27:41  [ enmbx-pool-32:27556 ] - [ INFO ]  PM-NBIoT-EUTRANCELLNB-02-*-20191113110000-15.csv.gz  文件大小为：1302
2019-11-13 11:27:41  [ enmbx-pool-32:27557 ] - [ INFO ]  enmbx-pool-32结束. 还有9 个线程 耗时：27 (秒)
2019-11-13 11:27:41  [ enmbx-pool-29:27608 ] - [ INFO ]  PM-NBIoT-EUTRANCELLNB-03-*-20191113110000-15.csv.gz  文件大小为：1380
2019-11-13 11:27:41  [ enmbx-pool-29:27608 ] - [ INFO ]  enmbx-pool-29结束. 还有8 个线程 耗时：27 (秒)
2019-11-13 11:27:41  [ enmbx-pool-35:27737 ] - [ INFO ]  PM-NBIoT-EUTRANCELLNB-03-*-20191113110000-15.csv.gz  文件大小为：1317
2019-11-13 11:27:41  [ enmbx-pool-35:27737 ] - [ INFO ]  enmbx-pool-35结束. 还有7 个线程 耗时：27 (秒)
2019-11-13 11:27:41  [ enmbx-pool-34:27737 ] - [ INFO ]  PM-NBIoT-EUTRANCELLNB-04-*-20191113110000-15.csv.gz  文件大小为：1375
2019-11-13 11:27:41  [ enmbx-pool-34:27738 ] - [ INFO ]  enmbx-pool-34结束. 还有6 个线程 耗时：27 (秒)
2019-11-13 11:27:41  [ enmbx-pool-25:28194 ] - [ INFO ]  PM-NBIoT-EUTRANCELLNB-02-*-20191113110000-15.csv.gz  文件大小为：1473
2019-11-13 11:27:41  [ enmbx-pool-25:28195 ] - [ INFO ]  enmbx-pool-25结束. 还有5 个线程 耗时：28 (秒)
2019-11-13 11:27:42  [ enmbx-pool-18:28743 ] - [ INFO ]  PM-NBIoT-EUTRANCELLNB-04-*-20191113110000-15.csv.gz  文件大小为：1170
2019-11-13 11:27:42  [ enmbx-pool-18:28744 ] - [ INFO ]  enmbx-pool-18结束. 还有4 个线程 耗时：28 (秒)
2019-11-13 11:27:42  [ enmbx-pool-27:29069 ] - [ INFO ]  PM-NBIoT-EUTRANCELLNB-05-*-20191113110000-15.csv.gz  文件大小为：1900
2019-11-13 11:27:42  [ enmbx-pool-27:29069 ] - [ INFO ]  enmbx-pool-27结束. 还有3 个线程 耗时：29 (秒)
2019-11-13 11:28:05  [ enmbx-pool-19:51950 ] - [ INFO ]  enmbx-pool-19获取不到该时段文件，30 (秒) 后继续查询
2019-11-13 11:28:05  [ enmbx-pool-28:51985 ] - [ INFO ]  enmbx-pool-28获取不到该时段文件，30 (秒) 后继续查询
2019-11-13 11:28:05  [ enmbx-pool-26:52189 ] - [ INFO ]  enmbx-pool-26获取不到该时段文件，30 (秒) 后继续查询
2019-11-13 11:28:35  [ enmbx-pool-4:81832 ] - [ INFO ]  ========开始删除文件========
2019-11-13 11:28:36  [ enmbx-pool-19:83288 ] - [ INFO ]  enmbx-pool-19获取不到该时段文件，30 (秒) 后继续查询
2019-11-13 11:28:36  [ enmbx-pool-28:83341 ] - [ INFO ]  enmbx-pool-28获取不到该时段文件，30 (秒) 后继续查询
2019-11-13 11:28:37  [ enmbx-pool-26:83789 ] - [ INFO ]  enmbx-pool-26获取不到该时段文件，30 (秒) 后继续查询
2019-11-13 11:28:38  [ enmbx-pool-4:84445 ] - [ INFO ]  PM-ENB-EUTRANCELLTDD-05-V3.2.0-20191113110000-15.csv.gz 原文件大小：5186411
2019-11-13 11:28:41  [ enmbx-pool-1:87547 ] - [ INFO ]  ========开始删除文件========
2019-11-13 11:28:41  [ enmbx-pool-4:88347 ] - [ INFO ]  文件处理耗时：88 (秒)
2019-11-13 11:28:43  [ enmbx-pool-1:89791 ] - [ INFO ]  PM-ENB-EUTRANCELLTDD-04-V3.2.0-20191113110000-15.csv.gz 原文件大小：6193178
2019-11-13 11:28:45  [ enmbx-pool-8:91972 ] - [ INFO ]  ========开始删除文件========
2019-11-13 11:28:46  [ enmbx-pool-4:92612 ] - [ INFO ]  PM-ENB-EUTRANCELLTDD-05-V3.2.0-20191113110000-15.csv.gz 文件大小：5192209
2019-11-13 11:28:47  [ enmbx-pool-8:94034 ] - [ INFO ]  PM-ENB-EUTRANCELLTDD-02-V3.2.0-20191113110000-15.csv.gz 原文件大小：5392422
2019-11-13 11:28:48  [ enmbx-pool-1:94660 ] - [ INFO ]  文件处理耗时：94 (秒)
2019-11-13 11:28:48  [ enmbx-pool-6:95124 ] - [ INFO ]  ========开始删除文件========
2019-11-13 11:28:49  [ enmbx-pool-15:95415 ] - [ INFO ]  ========开始删除文件========
2019-11-13 11:28:50  [ enmbx-pool-8:96979 ] - [ INFO ]  文件处理耗时：96 (秒)
2019-11-13 11:28:50  [ enmbx-pool-0:97111 ] - [ INFO ]  ========开始删除文件========
2019-11-13 11:28:51  [ enmbx-pool-6:97722 ] - [ INFO ]  PM-ENB-EUTRANCELLTDD-03-V3.2.0-20191113110000-15.csv.gz 原文件大小：4374706
2019-11-13 11:28:51  [ enmbx-pool-15:98175 ] - [ INFO ]  PM-ENB-EUTRANCELLTDD-02-V3.2.0-20191113110000-15.csv.gz 原文件大小：4960081
2019-11-13 11:28:52  [ enmbx-pool-1:99116 ] - [ INFO ]  PM-ENB-EUTRANCELLTDD-04-V3.2.0-20191113110000-15.csv.gz 文件大小：6199915
2019-11-13 11:28:54  [ enmbx-pool-0:100918 ] - [ INFO ]  PM-ENB-EUTRANCELLTDD-03-V3.2.0-20191113110000-15.csv.gz 原文件大小：7463272
2019-11-13 11:28:54  [ enmbx-pool-6:101075 ] - [ INFO ]  文件处理耗时：101 (秒)
2019-11-13 11:28:55  [ enmbx-pool-8:101577 ] - [ INFO ]  PM-ENB-EUTRANCELLTDD-02-V3.2.0-20191113110000-15.csv.gz 文件大小：5398524
2019-11-13 11:28:55  [ enmbx-pool-15:101815 ] - [ INFO ]  文件处理耗时：101 (秒)
2019-11-13 11:28:55  [ enmbx-pool-7:102231 ] - [ INFO ]  ========开始删除文件========
2019-11-13 11:28:58  [ enmbx-pool-6:105321 ] - [ INFO ]  PM-ENB-EUTRANCELLTDD-03-V3.2.0-20191113110000-15.csv.gz 文件大小：4379899
2019-11-13 11:28:59  [ enmbx-pool-7:105421 ] - [ INFO ]  PM-ENB-EUTRANCELLTDD-03-V3.2.0-20191113110000-15.csv.gz 原文件大小：4568113
2019-11-13 11:28:59  [ enmbx-pool-5:105701 ] - [ INFO ]  ========开始删除文件========
2019-11-13 11:29:00  [ enmbx-pool-15:106446 ] - [ INFO ]  PM-ENB-EUTRANCELLTDD-02-V3.2.0-20191113110000-15.csv.gz 文件大小：4965640
2019-11-13 11:29:00  [ enmbx-pool-2:107078 ] - [ INFO ]  ========开始删除文件========
2019-11-13 11:29:00  [ enmbx-pool-0:107143 ] - [ INFO ]  文件处理耗时：107 (秒)
2019-11-13 11:29:01  [ enmbx-pool-5:108115 ] - [ INFO ]  PM-ENB-EUTRANCELLTDD-03-V3.2.0-20191113110000-15.csv.gz 原文件大小：5342944
2019-11-13 11:29:02  [ enmbx-pool-14:108653 ] - [ INFO ]  ========开始删除文件========
2019-11-13 11:29:03  [ enmbx-pool-7:109706 ] - [ INFO ]  文件处理耗时：109 (秒)
2019-11-13 11:29:04  [ enmbx-pool-2:110513 ] - [ INFO ]  PM-ENB-EUTRANCELLTDD-02-V3.2.0-20191113110000-15.csv.gz 原文件大小：5785140
2019-11-13 11:29:06  [ enmbx-pool-14:112815 ] - [ INFO ]  PM-ENB-EUTRANCELLTDD-04-V3.2.0-20191113110000-15.csv.gz 原文件大小：6075047
2019-11-13 11:29:07  [ enmbx-pool-5:113508 ] - [ INFO ]  文件处理耗时：113 (秒)
2019-11-13 11:29:07  [ enmbx-pool-28:114345 ] - [ INFO ]  enmbx-pool-28获取不到该时段文件，30 (秒) 后继续查询
2019-11-13 11:29:07  [ enmbx-pool-19:114351 ] - [ INFO ]  enmbx-pool-19获取不到该时段文件，30 (秒) 后继续查询
2019-11-13 11:29:08  [ enmbx-pool-26:114898 ] - [ INFO ]  enmbx-pool-26获取不到该时段文件，30 (秒) 后继续查询
2019-11-13 11:29:08  [ enmbx-pool-7:115127 ] - [ INFO ]  PM-ENB-EUTRANCELLTDD-03-V3.2.0-20191113110000-15.csv.gz 文件大小：4573295
2019-11-13 11:29:09  [ enmbx-pool-0:115357 ] - [ INFO ]  PM-ENB-EUTRANCELLTDD-03-V3.2.0-20191113110000-15.csv.gz 文件大小：7471426
2019-11-13 11:29:09  [ enmbx-pool-2:116069 ] - [ INFO ]  文件处理耗时：116 (秒)
2019-11-13 11:29:09  [ enmbx-pool-4:116161 ] - [ INFO ]  =======10.212.254.210TDD上传成功=======
2019-11-13 11:29:11  [ enmbx-pool-4:117444 ] - [ INFO ]  PM-ENB-EUTRANCELLTDD-05-*-20191113110000-15.csv.gz  文件大小为：5192209
2019-11-13 11:29:11  [ enmbx-pool-4:117444 ] - [ INFO ]  enmbx-pool-4结束. 还有9 个线程 耗时：117 (秒)
2019-11-13 11:29:11  [ enmbx-pool-14:117817 ] - [ INFO ]  文件处理耗时：117 (秒)
2019-11-13 11:29:11  [ enmbx-pool-5:118209 ] - [ INFO ]  PM-ENB-EUTRANCELLTDD-03-V3.2.0-20191113110000-15.csv.gz 文件大小：5348906
2019-11-13 11:29:14  [ enmbx-pool-2:120629 ] - [ INFO ]  PM-ENB-EUTRANCELLTDD-02-V3.2.0-20191113110000-15.csv.gz 文件大小：5791326
2019-11-13 11:29:16  [ enmbx-pool-14:122429 ] - [ INFO ]  PM-ENB-EUTRANCELLTDD-04-V3.2.0-20191113110000-15.csv.gz 文件大小：6082063
2019-11-13 11:29:22  [ enmbx-pool-6:128628 ] - [ INFO ]  =======10.212.249.56TDD上传成功=======
2019-11-13 11:29:23  [ enmbx-pool-6:129427 ] - [ INFO ]  PM-ENB-EUTRANCELLTDD-03-*-20191113110000-15.csv.gz  文件大小为：4379899
2019-11-13 11:29:23  [ enmbx-pool-6:129428 ] - [ INFO ]  enmbx-pool-6结束. 还有8 个线程 耗时：129 (秒)
2019-11-13 11:29:23  [ enmbx-pool-8:129591 ] - [ INFO ]  =======10.212.202.163TDD上传成功=======
2019-11-13 11:29:24  [ enmbx-pool-8:130408 ] - [ INFO ]  PM-ENB-EUTRANCELLTDD-02-*-20191113110000-15.csv.gz  文件大小为：5398524
2019-11-13 11:29:24  [ enmbx-pool-8:130409 ] - [ INFO ]  enmbx-pool-8结束. 还有7 个线程 耗时：130 (秒)
2019-11-13 11:29:28  [ enmbx-pool-1:134897 ] - [ INFO ]  =======10.212.254.209TDD上传成功=======
2019-11-13 11:29:29  [ enmbx-pool-1:135822 ] - [ INFO ]  PM-ENB-EUTRANCELLTDD-04-*-20191113110000-15.csv.gz  文件大小为：6199915
2019-11-13 11:29:29  [ enmbx-pool-1:135822 ] - [ INFO ]  enmbx-pool-1结束. 还有6 个线程 耗时：135 (秒)
2019-11-13 11:29:31  [ enmbx-pool-15:137428 ] - [ INFO ]  =======10.212.249.55TDD上传成功=======
2019-11-13 11:29:31  [ enmbx-pool-15:138229 ] - [ INFO ]  PM-ENB-EUTRANCELLTDD-02-*-20191113110000-15.csv.gz  文件大小为：4965640
2019-11-13 11:29:31  [ enmbx-pool-15:138229 ] - [ INFO ]  enmbx-pool-15结束. 还有5 个线程 耗时：138 (秒)
2019-11-13 11:29:35  [ enmbx-pool-7:141593 ] - [ INFO ]  =======10.212.254.208TDD上传成功=======
2019-11-13 11:29:35  [ enmbx-pool-7:142344 ] - [ INFO ]  PM-ENB-EUTRANCELLTDD-03-*-20191113110000-15.csv.gz  文件大小为：4573295
2019-11-13 11:29:35  [ enmbx-pool-7:142344 ] - [ INFO ]  enmbx-pool-7结束. 还有4 个线程 耗时：142 (秒)
2019-11-13 11:29:38  [ enmbx-pool-28:145135 ] - [ INFO ]  enmbx-pool-28获取不到该时段文件，30 (秒) 后继续查询
2019-11-13 11:29:38  [ enmbx-pool-19:145227 ] - [ INFO ]  enmbx-pool-19获取不到该时段文件，30 (秒) 后继续查询
2019-11-13 11:29:39  [ enmbx-pool-26:145619 ] - [ INFO ]  enmbx-pool-26获取不到该时段文件，30 (秒) 后继续查询
2019-11-13 11:29:42  [ enmbx-pool-2:148577 ] - [ INFO ]  =======10.212.111.185TDD上传成功=======
2019-11-13 11:29:42  [ enmbx-pool-5:148613 ] - [ INFO ]  =======10.212.111.186TDD上传成功=======
2019-11-13 11:29:42  [ enmbx-pool-14:148911 ] - [ INFO ]  =======10.212.202.165TDD上传成功=======
2019-11-13 11:29:43  [ enmbx-pool-2:149374 ] - [ INFO ]  PM-ENB-EUTRANCELLTDD-02-*-20191113110000-15.csv.gz  文件大小为：5791326
2019-11-13 11:29:43  [ enmbx-pool-2:149375 ] - [ INFO ]  enmbx-pool-2结束. 还有3 个线程 耗时：149 (秒)
2019-11-13 11:29:43  [ enmbx-pool-5:149375 ] - [ INFO ]  PM-ENB-EUTRANCELLTDD-03-*-20191113110000-15.csv.gz  文件大小为：5348906
2019-11-13 11:29:43  [ enmbx-pool-5:149375 ] - [ INFO ]  enmbx-pool-5结束. 还有2 个线程 耗时：149 (秒)
2019-11-13 11:29:43  [ enmbx-pool-14:149657 ] - [ INFO ]  PM-ENB-EUTRANCELLTDD-04-*-20191113110000-15.csv.gz  文件大小为：6082063
2019-11-13 11:29:43  [ enmbx-pool-14:149657 ] - [ INFO ]  enmbx-pool-14结束. 还有1 个线程 耗时：149 (秒)
2019-11-13 11:29:45  [ enmbx-pool-0:152157 ] - [ INFO ]  =======10.212.202.164TDD上传成功=======
2019-11-13 11:29:46  [ enmbx-pool-0:152901 ] - [ INFO ]  PM-ENB-EUTRANCELLTDD-03-*-20191113110000-15.csv.gz  文件大小为：7471426
2019-11-13 11:29:46  [ enmbx-pool-0:152902 ] - [ INFO ]  enmbx-pool-0结束. 还有0 个线程 耗时：152 (秒)
2019-11-13 11:30:09  [ enmbx-pool-19:175845 ] - [ INFO ]  enmbx-pool-19获取不到该时段文件，30 (秒) 后继续查询
2019-11-13 11:30:09  [ enmbx-pool-28:175942 ] - [ INFO ]  enmbx-pool-28获取不到该时段文件，30 (秒) 后继续查询
2019-11-13 11:30:10  [ enmbx-pool-26:176392 ] - [ INFO ]  enmbx-pool-26获取不到该时段文件，30 (秒) 后继续查询
2019-11-13 11:30:40  [ enmbx-pool-19:206588 ] - [ INFO ]  enmbx-pool-19获取不到该时段文件，30 (秒) 后继续查询
2019-11-13 11:30:40  [ enmbx-pool-28:206688 ] - [ INFO ]  enmbx-pool-28获取不到该时段文件，30 (秒) 后继续查询
2019-11-13 11:30:40  [ enmbx-pool-26:207257 ] - [ INFO ]  enmbx-pool-26获取不到该时段文件，30 (秒) 后继续查询
2019-11-13 11:31:10  [ enmbx-pool-19:237181 ] - [ INFO ]  enmbx-pool-19获取不到该时段文件，30 (秒) 后继续查询
2019-11-13 11:31:11  [ enmbx-pool-28:237483 ] - [ INFO ]  enmbx-pool-28获取不到该时段文件，30 (秒) 后继续查询
2019-11-13 11:31:11  [ enmbx-pool-26:238024 ] - [ INFO ]  enmbx-pool-26获取不到该时段文件，30 (秒) 后继续查询
2019-11-13 11:31:41  [ enmbx-pool-19:267827 ] - [ INFO ]  enmbx-pool-19获取不到该时段文件，30 (秒) 后继续查询
2019-11-13 11:31:42  [ enmbx-pool-28:268457 ] - [ INFO ]  enmbx-pool-28获取不到该时段文件，30 (秒) 后继续查询
2019-11-13 11:31:42  [ enmbx-pool-26:268901 ] - [ INFO ]  enmbx-pool-26获取不到该时段文件，30 (秒) 后继续查询
2019-11-13 11:32:12  [ enmbx-pool-19:298476 ] - [ INFO ]  enmbx-pool-19获取不到该时段文件，30 (秒) 后继续查询
2019-11-13 11:32:12  [ enmbx-pool-28:299297 ] - [ INFO ]  enmbx-pool-28获取不到该时段文件，30 (秒) 后继续查询
2019-11-13 11:32:13  [ enmbx-pool-26:299731 ] - [ INFO ]  enmbx-pool-26获取不到该时段文件，30 (秒) 后继续查询
2019-11-13 11:32:42  [ enmbx-pool-19:329217 ] - [ INFO ]  enmbx-pool-19获取不到该时段文件，30 (秒) 后继续查询
2019-11-13 11:32:43  [ enmbx-pool-28:329991 ] - [ INFO ]  enmbx-pool-28获取不到该时段文件，30 (秒) 后继续查询
2019-11-13 11:32:44  [ enmbx-pool-26:330533 ] - [ INFO ]  enmbx-pool-26获取不到该时段文件，30 (秒) 后继续查询
2019-11-13 11:33:13  [ enmbx-pool-19:359859 ] - [ INFO ]  enmbx-pool-19获取不到该时段文件，30 (秒) 后继续查询
2019-11-13 11:33:14  [ enmbx-pool-28:360781 ] - [ INFO ]  enmbx-pool-28获取不到该时段文件，30 (秒) 后继续查询
2019-11-13 11:33:14  [ enmbx-pool-26:361325 ] - [ INFO ]  enmbx-pool-26获取不到该时段文件，30 (秒) 后继续查询
2019-11-13 11:33:44  [ enmbx-pool-19:390497 ] - [ INFO ]  enmbx-pool-19获取不到该时段文件，30 (秒) 后继续查询
2019-11-13 11:33:45  [ enmbx-pool-28:391525 ] - [ INFO ]  enmbx-pool-28获取不到该时段文件，30 (秒) 后继续查询
2019-11-13 11:33:45  [ enmbx-pool-26:392089 ] - [ INFO ]  enmbx-pool-26获取不到该时段文件，30 (秒) 后继续查询
2019-11-13 11:34:14  [ enmbx-pool-19:421145 ] - [ INFO ]  enmbx-pool-19获取不到该时段文件，30 (秒) 后继续查询
2019-11-13 11:34:15  [ enmbx-pool-28:422182 ] - [ INFO ]  enmbx-pool-28获取不到该时段文件，30 (秒) 后继续查询
2019-11-13 11:34:16  [ enmbx-pool-26:423073 ] - [ INFO ]  enmbx-pool-26获取不到该时段文件，30 (秒) 后继续查询
2019-11-13 11:34:45  [ enmbx-pool-19:451798 ] - [ INFO ]  enmbx-pool-19获取不到该时段文件，30 (秒) 后继续查询
2019-11-13 11:34:46  [ enmbx-pool-28:452825 ] - [ INFO ]  enmbx-pool-28获取不到该时段文件，30 (秒) 后继续查询
2019-11-13 11:34:47  [ enmbx-pool-26:453764 ] - [ INFO ]  enmbx-pool-26获取不到该时段文件，30 (秒) 后继续查询
2019-11-13 11:35:16  [ enmbx-pool-19:482441 ] - [ INFO ]  enmbx-pool-19获取不到该时段文件，30 (秒) 后继续查询
2019-11-13 11:35:17  [ enmbx-pool-28:483467 ] - [ INFO ]  enmbx-pool-28获取不到该时段文件，30 (秒) 后继续查询
2019-11-13 11:35:18  [ enmbx-pool-26:484412 ] - [ INFO ]  enmbx-pool-26获取不到该时段文件，30 (秒) 后继续查询
2019-11-13 11:35:46  [ enmbx-pool-19:513101 ] - [ INFO ]  enmbx-pool-19获取不到该时段文件，30 (秒) 后继续查询
2019-11-13 11:35:47  [ enmbx-pool-28:514108 ] - [ INFO ]  enmbx-pool-28获取不到该时段文件，30 (秒) 后继续查询
2019-11-13 11:35:48  [ enmbx-pool-26:515085 ] - [ INFO ]  enmbx-pool-26获取不到该时段文件，30 (秒) 后继续查询
2019-11-13 11:36:17  [ enmbx-pool-19:543743 ] - [ INFO ]  enmbx-pool-19获取不到该时段文件，30 (秒) 后继续查询
2019-11-13 11:36:18  [ enmbx-pool-28:544768 ] - [ INFO ]  enmbx-pool-28获取不到该时段文件，30 (秒) 后继续查询
2019-11-13 11:36:19  [ enmbx-pool-26:545724 ] - [ INFO ]  enmbx-pool-26获取不到该时段文件，30 (秒) 后继续查询
2019-11-13 11:36:48  [ enmbx-pool-19:574387 ] - [ INFO ]  enmbx-pool-19获取不到该时段文件，30 (秒) 后继续查询
2019-11-13 11:36:49  [ enmbx-pool-28:575410 ] - [ INFO ]  enmbx-pool-28获取不到该时段文件，30 (秒) 后继续查询
2019-11-13 11:36:50  [ enmbx-pool-26:576765 ] - [ INFO ]  enmbx-pool-26获取不到该时段文件，30 (秒) 后继续查询
2019-11-13 11:37:18  [ enmbx-pool-19:605050 ] - [ INFO ]  enmbx-pool-19获取不到该时段文件，30 (秒) 后继续查询
2019-11-13 11:37:19  [ enmbx-pool-28:606072 ] - [ INFO ]  enmbx-pool-28获取不到该时段文件，30 (秒) 后继续查询
2019-11-13 11:37:21  [ enmbx-pool-26:607405 ] - [ INFO ]  enmbx-pool-26获取不到该时段文件，30 (秒) 后继续查询
2019-11-13 11:37:48  [ enmbx-pool-19:635050 ] - [ INFO ]  enmbx-pool-19结束. 还有2 个线程
2019-11-13 11:37:49  [ enmbx-pool-28:636073 ] - [ INFO ]  enmbx-pool-28结束. 还有1 个线程
2019-11-13 11:37:51  [ enmbx-pool-26:637434 ] - [ INFO ]  enmbx-pool-26结束. 还有0 个线程
2019-11-13 11:37:51  [ main:637437 ] - [ INFO ]  ===========主程序结束===========
2019-11-13 11:37:51  [ main:637438 ] - [ INFO ]  本次耗时：637 (秒)
2019-11-13 14:19:32  [ main:0 ] - [ INFO ]  ===========main开始===========
2019-11-13 14:19:35  [ enmbx-pool-1:2549 ] - [ INFO ]  enmbx-pool-1...开始...
2019-11-13 14:19:35  [ enmbx-pool-0:2560 ] - [ INFO ]  enmbx-pool-0...开始...
2019-11-13 14:19:35  [ enmbx-pool-3:2564 ] - [ INFO ]  enmbx-pool-3...开始...
2019-11-13 14:19:35  [ enmbx-pool-2:2563 ] - [ INFO ]  enmbx-pool-2...开始...
2019-11-13 14:19:35  [ enmbx-pool-4:2564 ] - [ INFO ]  enmbx-pool-4...开始...
2019-11-13 14:19:35  [ enmbx-pool-2:2565 ] - [ WARN ]  SFTP连接参数错误,请检查sourceConfig配置文件!!!
2019-11-13 14:19:35  [ enmbx-pool-2:2567 ] - [ INFO ]  enmbx-pool-2结束. 还有17 个线程
2019-11-13 14:19:35  [ enmbx-pool-2:2567 ] - [ INFO ]  enmbx-pool-2...开始...
2019-11-13 14:19:35  [ enmbx-pool-2:2567 ] - [ WARN ]  SFTP连接参数错误,请检查sourceConfig配置文件!!!
2019-11-13 14:19:35  [ enmbx-pool-2:2567 ] - [ INFO ]  enmbx-pool-2结束. 还有16 个线程
2019-11-13 14:19:35  [ enmbx-pool-2:2569 ] - [ INFO ]  enmbx-pool-2...开始...
2019-11-13 14:19:35  [ enmbx-pool-4:2573 ] - [ WARN ]  SFTP连接参数错误,请检查sourceConfig配置文件!!!
2019-11-13 14:19:35  [ enmbx-pool-4:2573 ] - [ INFO ]  enmbx-pool-4结束. 还有15 个线程
2019-11-13 14:19:35  [ enmbx-pool-4:2574 ] - [ INFO ]  enmbx-pool-4...开始...
2019-11-13 14:19:35  [ enmbx-pool-5:2603 ] - [ INFO ]  enmbx-pool-5...开始...
2019-11-13 14:19:35  [ enmbx-pool-7:2670 ] - [ INFO ]  enmbx-pool-7...开始...
2019-11-13 14:19:35  [ enmbx-pool-17:2678 ] - [ INFO ]  enmbx-pool-17...开始...
2019-11-13 14:19:35  [ enmbx-pool-16:2681 ] - [ INFO ]  enmbx-pool-16...开始...
2019-11-13 14:19:35  [ enmbx-pool-16:2681 ] - [ WARN ]  SFTP连接参数错误,请检查sourceConfig配置文件!!!
2019-11-13 14:19:35  [ enmbx-pool-16:2682 ] - [ INFO ]  enmbx-pool-16结束. 还有14 个线程
2019-11-13 14:19:35  [ enmbx-pool-16:2682 ] - [ INFO ]  enmbx-pool-16...开始...
2019-11-13 14:19:35  [ enmbx-pool-16:2683 ] - [ WARN ]  SFTP连接参数错误,请检查sourceConfig配置文件!!!
2019-11-13 14:19:35  [ enmbx-pool-16:2683 ] - [ INFO ]  enmbx-pool-16结束. 还有13 个线程
2019-11-13 14:19:35  [ enmbx-pool-16:2683 ] - [ INFO ]  enmbx-pool-16...开始...
2019-11-13 14:19:35  [ enmbx-pool-16:2684 ] - [ WARN ]  SFTP连接参数错误,请检查sourceConfig配置文件!!!
2019-11-13 14:19:35  [ enmbx-pool-16:2684 ] - [ INFO ]  enmbx-pool-16结束. 还有12 个线程
2019-11-13 14:19:35  [ enmbx-pool-16:2685 ] - [ INFO ]  enmbx-pool-16...开始...
2019-11-13 14:19:35  [ enmbx-pool-13:2686 ] - [ INFO ]  enmbx-pool-13...开始...
2019-11-13 14:19:35  [ enmbx-pool-14:2684 ] - [ INFO ]  enmbx-pool-14...开始...
2019-11-13 14:19:35  [ enmbx-pool-14:2688 ] - [ WARN ]  SFTP连接参数错误,请检查sourceConfig配置文件!!!
2019-11-13 14:19:35  [ enmbx-pool-14:2688 ] - [ INFO ]  enmbx-pool-14结束. 还有11 个线程
2019-11-13 14:19:35  [ enmbx-pool-15:2683 ] - [ INFO ]  enmbx-pool-15...开始...
2019-11-13 14:19:35  [ enmbx-pool-15:2689 ] - [ WARN ]  SFTP连接参数错误,请检查sourceConfig配置文件!!!
2019-11-13 14:19:35  [ enmbx-pool-15:2689 ] - [ INFO ]  enmbx-pool-15结束. 还有10 个线程
2019-11-13 14:19:48  [ enmbx-pool-2:15841 ] - [ INFO ]  该channel是新连接的，ID为：0
2019-11-13 14:19:48  [ enmbx-pool-2:15842 ] - [ INFO ]  SFTP登陆成功耗时：15 (秒)
2019-11-13 14:19:48  [ enmbx-pool-2:15842 ] - [ INFO ]  获取：2019111314/PM-NBIoT-EUTRANCELLNB-03-*-20191113140000-15.csv.gz
2019-11-13 14:19:48  [ enmbx-pool-1:15944 ] - [ INFO ]  该channel是新连接的，ID为：1
2019-11-13 14:19:48  [ enmbx-pool-1:15944 ] - [ INFO ]  SFTP登陆成功耗时：15 (秒)
2019-11-13 14:19:48  [ enmbx-pool-1:15945 ] - [ INFO ]  获取：2019111314/PM-NBIoT-EUTRANCELLNB-04-*-20191113140000-15.csv.gz
2019-11-13 14:19:48  [ enmbx-pool-3:15957 ] - [ INFO ]  该channel是新连接的，ID为：2
2019-11-13 14:19:48  [ enmbx-pool-3:15958 ] - [ INFO ]  SFTP登陆成功耗时：15 (秒)
2019-11-13 14:19:48  [ enmbx-pool-3:15959 ] - [ INFO ]  获取：2019111314/PM-NBIoT-EUTRANCELLNB-02-*-20191113140000-15.csv.gz
2019-11-13 14:19:48  [ enmbx-pool-4:15965 ] - [ INFO ]  该channel是新连接的，ID为：3
2019-11-13 14:19:48  [ enmbx-pool-4:15965 ] - [ INFO ]  SFTP登陆成功耗时：15 (秒)
2019-11-13 14:19:48  [ enmbx-pool-4:15965 ] - [ INFO ]  获取：2019111314/PM-NBIoT-EUTRANCELLNB-03-*-20191113140000-15.csv.gz
2019-11-13 14:19:48  [ enmbx-pool-7:16027 ] - [ INFO ]  该channel是新连接的，ID为：4
2019-11-13 14:19:48  [ enmbx-pool-7:16028 ] - [ INFO ]  SFTP登陆成功耗时：16 (秒)
2019-11-13 14:19:48  [ enmbx-pool-7:16028 ] - [ INFO ]  获取：2019111314/PM-NBIoT-EUTRANCELLNB-03-*-20191113140000-15.csv.gz
2019-11-13 14:19:48  [ enmbx-pool-16:16135 ] - [ INFO ]  该channel是新连接的，ID为：5
2019-11-13 14:19:48  [ enmbx-pool-16:16137 ] - [ INFO ]  SFTP登陆成功耗时：16 (秒)
2019-11-13 14:19:48  [ enmbx-pool-16:16138 ] - [ INFO ]  获取：2019111314/PM-NBIoT-EUTRANCELLNB-02-*-20191113140000-15.csv.gz
2019-11-13 14:19:48  [ enmbx-pool-5:16143 ] - [ INFO ]  该channel是新连接的，ID为：6
2019-11-13 14:19:48  [ enmbx-pool-5:16143 ] - [ INFO ]  SFTP登陆成功耗时：16 (秒)
2019-11-13 14:19:48  [ enmbx-pool-5:16144 ] - [ INFO ]  获取：2019111314/PM-NBIoT-EUTRANCELLNB-05-*-20191113140000-15.csv.gz
2019-11-13 14:19:49  [ enmbx-pool-2:16231 ] - [ ERROR ]  SFTP操作异常：No such file
2019-11-13 14:19:49  [ enmbx-pool-2:16233 ] - [ INFO ]  enmbx-pool-2获取不到该时段文件，30 (秒) 后继续查询
2019-11-13 14:19:49  [ enmbx-pool-1:16437 ] - [ ERROR ]  SFTP操作异常：No such file
2019-11-13 14:19:49  [ enmbx-pool-1:16437 ] - [ INFO ]  enmbx-pool-1获取不到该时段文件，30 (秒) 后继续查询
2019-11-13 14:19:49  [ enmbx-pool-3:16441 ] - [ ERROR ]  SFTP操作异常：No such file
2019-11-13 14:19:49  [ enmbx-pool-3:16441 ] - [ INFO ]  enmbx-pool-3获取不到该时段文件，30 (秒) 后继续查询
2019-11-13 14:19:49  [ enmbx-pool-4:16445 ] - [ ERROR ]  SFTP操作异常：No such file
2019-11-13 14:19:49  [ enmbx-pool-4:16446 ] - [ INFO ]  enmbx-pool-4获取不到该时段文件，30 (秒) 后继续查询
2019-11-13 14:19:49  [ enmbx-pool-7:16489 ] - [ ERROR ]  SFTP操作异常：No such file
2019-11-13 14:19:49  [ enmbx-pool-7:16489 ] - [ INFO ]  enmbx-pool-7获取不到该时段文件，30 (秒) 后继续查询
2019-11-13 14:19:49  [ enmbx-pool-16:16617 ] - [ ERROR ]  SFTP操作异常：No such file
2019-11-13 14:19:49  [ enmbx-pool-5:16618 ] - [ ERROR ]  SFTP操作异常：No such file
2019-11-13 14:19:49  [ enmbx-pool-5:16619 ] - [ INFO ]  enmbx-pool-5获取不到该时段文件，30 (秒) 后继续查询
2019-11-13 14:19:49  [ enmbx-pool-16:16618 ] - [ INFO ]  enmbx-pool-16获取不到该时段文件，30 (秒) 后继续查询
2019-11-13 14:19:49  [ enmbx-pool-0:16810 ] - [ INFO ]  该channel是新连接的，ID为：8
2019-11-13 14:19:49  [ enmbx-pool-0:16811 ] - [ INFO ]  SFTP登陆成功耗时：16 (秒)
2019-11-13 14:19:49  [ enmbx-pool-0:16811 ] - [ INFO ]  获取：2019111314/PM-NBIoT-EUTRANCELLNB-03-*-20191113140000-15.csv.gz
2019-11-13 14:19:49  [ enmbx-pool-17:16871 ] - [ INFO ]  该channel是新连接的，ID为：9
2019-11-13 14:19:49  [ enmbx-pool-17:16872 ] - [ INFO ]  SFTP登陆成功耗时：16 (秒)
2019-11-13 14:19:49  [ enmbx-pool-17:16872 ] - [ INFO ]  获取：2019111314/PM-NBIoT-EUTRANCELLNB-02-*-20191113140000-15.csv.gz
2019-11-13 14:19:49  [ enmbx-pool-13:16927 ] - [ INFO ]  该channel是新连接的，ID为：7
2019-11-13 14:19:49  [ enmbx-pool-13:16928 ] - [ INFO ]  SFTP登陆成功耗时：16 (秒)
2019-11-13 14:19:49  [ enmbx-pool-13:16929 ] - [ INFO ]  获取：2019111314/PM-NBIoT-EUTRANCELLNB-04-*-20191113140000-15.csv.gz
2019-11-13 14:19:50  [ enmbx-pool-0:17377 ] - [ ERROR ]  SFTP操作异常：No such file
2019-11-13 14:19:50  [ enmbx-pool-0:17378 ] - [ INFO ]  enmbx-pool-0获取不到该时段文件，30 (秒) 后继续查询
2019-11-13 14:19:50  [ enmbx-pool-17:17436 ] - [ ERROR ]  SFTP操作异常：No such file
2019-11-13 14:19:50  [ enmbx-pool-17:17443 ] - [ INFO ]  enmbx-pool-17获取不到该时段文件，30 (秒) 后继续查询
2019-11-13 14:19:50  [ enmbx-pool-13:17487 ] - [ ERROR ]  SFTP操作异常：No such file
2019-11-13 14:19:50  [ enmbx-pool-13:17487 ] - [ INFO ]  enmbx-pool-13获取不到该时段文件，30 (秒) 后继续查询
2019-11-13 14:21:30  [ main:0 ] - [ INFO ]  ===========main开始===========
2019-11-13 14:21:32  [ enmbx-pool-0:2284 ] - [ INFO ]  enmbx-pool-0...开始...
2019-11-13 14:21:32  [ enmbx-pool-1:2338 ] - [ INFO ]  enmbx-pool-1...开始...
2019-11-13 14:21:32  [ enmbx-pool-2:2350 ] - [ INFO ]  enmbx-pool-2...开始...
2019-11-13 14:21:32  [ enmbx-pool-2:2351 ] - [ WARN ]  SFTP连接参数错误,请检查sourceConfig配置文件!!!
2019-11-13 14:21:32  [ enmbx-pool-2:2352 ] - [ INFO ]  enmbx-pool-2结束. 还有17 个线程
2019-11-13 14:21:32  [ enmbx-pool-2:2352 ] - [ INFO ]  enmbx-pool-2...开始...
2019-11-13 14:21:32  [ enmbx-pool-2:2353 ] - [ WARN ]  SFTP连接参数错误,请检查sourceConfig配置文件!!!
2019-11-13 14:21:32  [ enmbx-pool-2:2354 ] - [ INFO ]  enmbx-pool-2结束. 还有16 个线程
2019-11-13 14:21:32  [ enmbx-pool-2:2408 ] - [ INFO ]  enmbx-pool-2...开始...
2019-11-13 14:21:32  [ enmbx-pool-14:2409 ] - [ INFO ]  enmbx-pool-14...开始...
2019-11-13 14:21:32  [ enmbx-pool-14:2411 ] - [ WARN ]  SFTP连接参数错误,请检查sourceConfig配置文件!!!
2019-11-13 14:21:32  [ enmbx-pool-14:2414 ] - [ INFO ]  enmbx-pool-14结束. 还有15 个线程
2019-11-13 14:21:33  [ enmbx-pool-14:2415 ] - [ INFO ]  enmbx-pool-14...开始...
2019-11-13 14:21:33  [ enmbx-pool-11:2415 ] - [ INFO ]  enmbx-pool-11...开始...
2019-11-13 14:21:32  [ enmbx-pool-3:2352 ] - [ INFO ]  enmbx-pool-3...开始...
2019-11-13 14:21:32  [ enmbx-pool-12:2410 ] - [ INFO ]  enmbx-pool-12...开始...
2019-11-13 14:21:33  [ enmbx-pool-12:2428 ] - [ WARN ]  SFTP连接参数错误,请检查sourceConfig配置文件!!!
2019-11-13 14:21:33  [ enmbx-pool-12:2428 ] - [ INFO ]  enmbx-pool-12结束. 还有14 个线程
2019-11-13 14:21:32  [ enmbx-pool-13:2410 ] - [ INFO ]  enmbx-pool-13...开始...
2019-11-13 14:21:33  [ enmbx-pool-13:2429 ] - [ WARN ]  SFTP连接参数错误,请检查sourceConfig配置文件!!!
2019-11-13 14:21:33  [ enmbx-pool-13:2430 ] - [ INFO ]  enmbx-pool-13结束. 还有13 个线程
2019-11-13 14:21:32  [ enmbx-pool-15:2409 ] - [ INFO ]  enmbx-pool-15...开始...
2019-11-13 14:21:33  [ enmbx-pool-15:2431 ] - [ WARN ]  SFTP连接参数错误,请检查sourceConfig配置文件!!!
2019-11-13 14:21:33  [ enmbx-pool-15:2431 ] - [ INFO ]  enmbx-pool-15结束. 还有12 个线程
2019-11-13 14:21:32  [ enmbx-pool-16:2409 ] - [ INFO ]  enmbx-pool-16...开始...
2019-11-13 14:21:33  [ enmbx-pool-16:2439 ] - [ WARN ]  SFTP连接参数错误,请检查sourceConfig配置文件!!!
2019-11-13 14:21:33  [ enmbx-pool-16:2440 ] - [ INFO ]  enmbx-pool-16结束. 还有11 个线程
2019-11-13 14:21:32  [ enmbx-pool-7:2401 ] - [ INFO ]  enmbx-pool-7...开始...
2019-11-13 14:21:32  [ enmbx-pool-17:2401 ] - [ INFO ]  enmbx-pool-17...开始...
2019-11-13 14:21:32  [ enmbx-pool-6:2355 ] - [ INFO ]  enmbx-pool-6...开始...
2019-11-13 14:21:32  [ enmbx-pool-5:2354 ] - [ INFO ]  enmbx-pool-5...开始...
2019-11-13 14:21:32  [ enmbx-pool-4:2353 ] - [ INFO ]  enmbx-pool-4...开始...
2019-11-13 14:21:33  [ enmbx-pool-4:2444 ] - [ WARN ]  SFTP连接参数错误,请检查sourceConfig配置文件!!!
2019-11-13 14:21:33  [ enmbx-pool-4:2444 ] - [ INFO ]  enmbx-pool-4结束. 还有10 个线程
2019-11-13 14:21:45  [ enmbx-pool-5:15396 ] - [ INFO ]  该channel是新连接的，ID为：1
2019-11-13 14:21:45  [ enmbx-pool-5:15396 ] - [ INFO ]  SFTP登陆成功耗时：15 (秒)
2019-11-13 14:21:45  [ enmbx-pool-5:15397 ] - [ INFO ]  获取：2019110604/PM-NBIoT-EUTRANCELLNB-03-*-20191106041500-15.csv.gz
2019-11-13 14:21:46  [ enmbx-pool-1:15439 ] - [ INFO ]  该channel是新连接的，ID为：2
2019-11-13 14:21:46  [ enmbx-pool-3:15439 ] - [ INFO ]  该channel是新连接的，ID为：0
2019-11-13 14:21:46  [ enmbx-pool-1:15439 ] - [ INFO ]  SFTP登陆成功耗时：15 (秒)
2019-11-13 14:21:46  [ enmbx-pool-1:15440 ] - [ INFO ]  获取：2019110604/PM-NBIoT-EUTRANCELLNB-04-*-20191106041500-15.csv.gz
2019-11-13 14:21:46  [ enmbx-pool-3:15440 ] - [ INFO ]  SFTP登陆成功耗时：15 (秒)
2019-11-13 14:21:46  [ enmbx-pool-3:15441 ] - [ INFO ]  获取：2019110604/PM-NBIoT-EUTRANCELLNB-02-*-20191106041500-15.csv.gz
2019-11-13 14:21:46  [ enmbx-pool-7:15469 ] - [ INFO ]  该channel是新连接的，ID为：3
2019-11-13 14:21:46  [ enmbx-pool-7:15470 ] - [ INFO ]  SFTP登陆成功耗时：15 (秒)
2019-11-13 14:21:46  [ enmbx-pool-7:15471 ] - [ INFO ]  获取：2019110604/PM-NBIoT-EUTRANCELLNB-05-*-20191106041500-15.csv.gz
2019-11-13 14:21:46  [ enmbx-pool-6:15506 ] - [ INFO ]  该channel是新连接的，ID为：5
2019-11-13 14:21:46  [ enmbx-pool-6:15507 ] - [ INFO ]  SFTP登陆成功耗时：15 (秒)
2019-11-13 14:21:46  [ enmbx-pool-6:15507 ] - [ INFO ]  获取：2019110604/PM-NBIoT-EUTRANCELLNB-03-*-20191106041500-15.csv.gz
2019-11-13 14:21:46  [ enmbx-pool-2:15624 ] - [ INFO ]  该channel是新连接的，ID为：4
2019-11-13 14:21:46  [ enmbx-pool-2:15625 ] - [ INFO ]  SFTP登陆成功耗时：15 (秒)
2019-11-13 14:21:46  [ enmbx-pool-2:15626 ] - [ INFO ]  获取：2019110604/PM-NBIoT-EUTRANCELLNB-02-*-20191106041500-15.csv.gz
2019-11-13 14:21:46  [ enmbx-pool-17:15626 ] - [ INFO ]  该channel是新连接的，ID为：8
2019-11-13 14:21:46  [ enmbx-pool-17:15627 ] - [ INFO ]  SFTP登陆成功耗时：15 (秒)
2019-11-13 14:21:46  [ enmbx-pool-11:15626 ] - [ INFO ]  该channel是新连接的，ID为：6
2019-11-13 14:21:46  [ enmbx-pool-17:15627 ] - [ INFO ]  获取：2019110604/PM-NBIoT-EUTRANCELLNB-03-*-20191106041500-15.csv.gz
2019-11-13 14:21:46  [ enmbx-pool-14:15627 ] - [ INFO ]  该channel是新连接的，ID为：9
2019-11-13 14:21:46  [ enmbx-pool-14:15628 ] - [ INFO ]  SFTP登陆成功耗时：15 (秒)
2019-11-13 14:21:46  [ enmbx-pool-14:15629 ] - [ INFO ]  获取：2019110604/PM-NBIoT-EUTRANCELLNB-02-*-20191106041500-15.csv.gz
2019-11-13 14:21:46  [ enmbx-pool-0:15626 ] - [ INFO ]  该channel是新连接的，ID为：7
2019-11-13 14:21:46  [ enmbx-pool-0:15630 ] - [ INFO ]  SFTP登陆成功耗时：15 (秒)
2019-11-13 14:21:46  [ enmbx-pool-0:15630 ] - [ INFO ]  获取：2019110604/PM-NBIoT-EUTRANCELLNB-03-*-20191106041500-15.csv.gz
2019-11-13 14:21:46  [ enmbx-pool-11:15627 ] - [ INFO ]  SFTP登陆成功耗时：15 (秒)
2019-11-13 14:21:46  [ enmbx-pool-11:15632 ] - [ INFO ]  获取：2019110604/PM-NBIoT-EUTRANCELLNB-04-*-20191106041500-15.csv.gz
2019-11-13 14:21:46  [ enmbx-pool-5:15838 ] - [ ERROR ]  SFTP操作异常：No such file
2019-11-13 14:21:46  [ enmbx-pool-5:15839 ] - [ INFO ]  enmbx-pool-5获取不到该时段文件，30 (秒) 后继续查询
2019-11-13 14:21:46  [ enmbx-pool-3:15884 ] - [ ERROR ]  SFTP操作异常：No such file
2019-11-13 14:21:46  [ enmbx-pool-3:15884 ] - [ INFO ]  enmbx-pool-3获取不到该时段文件，30 (秒) 后继续查询
2019-11-13 14:21:46  [ enmbx-pool-1:15954 ] - [ ERROR ]  SFTP操作异常：No such file
2019-11-13 14:21:46  [ enmbx-pool-1:15954 ] - [ INFO ]  enmbx-pool-1获取不到该时段文件，30 (秒) 后继续查询
2019-11-13 14:21:46  [ enmbx-pool-7:15955 ] - [ ERROR ]  SFTP操作异常：No such file
2019-11-13 14:21:46  [ enmbx-pool-7:15955 ] - [ INFO ]  enmbx-pool-7获取不到该时段文件，30 (秒) 后继续查询
2019-11-13 14:21:46  [ enmbx-pool-6:15984 ] - [ ERROR ]  SFTP操作异常：No such file
2019-11-13 14:21:46  [ enmbx-pool-6:15985 ] - [ INFO ]  enmbx-pool-6获取不到该时段文件，30 (秒) 后继续查询
2019-11-13 14:21:46  [ enmbx-pool-2:16072 ] - [ ERROR ]  SFTP操作异常：No such file
2019-11-13 14:21:46  [ enmbx-pool-2:16073 ] - [ INFO ]  enmbx-pool-2获取不到该时段文件，30 (秒) 后继续查询
2019-11-13 14:21:46  [ enmbx-pool-14:16102 ] - [ ERROR ]  SFTP操作异常：No such file
2019-11-13 14:21:46  [ enmbx-pool-14:16104 ] - [ INFO ]  enmbx-pool-14获取不到该时段文件，30 (秒) 后继续查询
2019-11-13 14:21:46  [ enmbx-pool-17:16127 ] - [ ERROR ]  SFTP操作异常：No such file
2019-11-13 14:21:46  [ enmbx-pool-17:16128 ] - [ INFO ]  enmbx-pool-17获取不到该时段文件，30 (秒) 后继续查询
2019-11-13 14:21:46  [ enmbx-pool-11:16128 ] - [ ERROR ]  SFTP操作异常：No such file
2019-11-13 14:21:46  [ enmbx-pool-0:16128 ] - [ ERROR ]  SFTP操作异常：No such file
2019-11-13 14:21:46  [ enmbx-pool-0:16129 ] - [ INFO ]  enmbx-pool-0获取不到该时段文件，30 (秒) 后继续查询
2019-11-13 14:21:46  [ enmbx-pool-11:16129 ] - [ INFO ]  enmbx-pool-11获取不到该时段文件，30 (秒) 后继续查询
2019-11-13 14:22:16  [ enmbx-pool-5:46235 ] - [ ERROR ]  SFTP操作异常：No such file
2019-11-13 14:22:16  [ enmbx-pool-5:46239 ] - [ INFO ]  enmbx-pool-5获取不到该时段文件，30 (秒) 后继续查询
2019-11-13 14:22:16  [ enmbx-pool-3:46282 ] - [ ERROR ]  SFTP操作异常：No such file
2019-11-13 14:22:16  [ enmbx-pool-3:46284 ] - [ INFO ]  enmbx-pool-3获取不到该时段文件，30 (秒) 后继续查询
2019-11-13 14:22:16  [ enmbx-pool-1:46366 ] - [ ERROR ]  SFTP操作异常：No such file
2019-11-13 14:22:16  [ enmbx-pool-1:46366 ] - [ INFO ]  enmbx-pool-1获取不到该时段文件，30 (秒) 后继续查询
2019-11-13 14:22:16  [ enmbx-pool-7:46407 ] - [ ERROR ]  SFTP操作异常：No such file
2019-11-13 14:22:16  [ enmbx-pool-6:46407 ] - [ ERROR ]  SFTP操作异常：No such file
2019-11-13 14:22:16  [ enmbx-pool-6:46408 ] - [ INFO ]  enmbx-pool-6获取不到该时段文件，30 (秒) 后继续查询
2019-11-13 14:22:16  [ enmbx-pool-7:46407 ] - [ INFO ]  enmbx-pool-7获取不到该时段文件，30 (秒) 后继续查询
2019-11-13 14:22:17  [ enmbx-pool-2:46463 ] - [ ERROR ]  SFTP操作异常：No such file
2019-11-13 14:22:17  [ enmbx-pool-2:46465 ] - [ INFO ]  enmbx-pool-2获取不到该时段文件，30 (秒) 后继续查询
2019-11-13 14:22:17  [ enmbx-pool-14:46566 ] - [ ERROR ]  SFTP操作异常：No such file
2019-11-13 14:22:17  [ enmbx-pool-14:46567 ] - [ INFO ]  enmbx-pool-14获取不到该时段文件，30 (秒) 后继续查询
2019-11-13 14:22:17  [ enmbx-pool-17:46568 ] - [ ERROR ]  SFTP操作异常：No such file
2019-11-13 14:22:17  [ enmbx-pool-17:46568 ] - [ INFO ]  enmbx-pool-17获取不到该时段文件，30 (秒) 后继续查询
2019-11-13 14:22:17  [ enmbx-pool-11:46567 ] - [ ERROR ]  SFTP操作异常：No such file
2019-11-13 14:22:17  [ enmbx-pool-11:46569 ] - [ INFO ]  enmbx-pool-11获取不到该时段文件，30 (秒) 后继续查询
2019-11-13 14:22:17  [ enmbx-pool-0:46568 ] - [ ERROR ]  SFTP操作异常：No such file
2019-11-13 14:22:17  [ enmbx-pool-0:46569 ] - [ INFO ]  enmbx-pool-0获取不到该时段文件，30 (秒) 后继续查询
2019-11-13 14:22:51  [ main:1 ] - [ INFO ]  ===========main开始===========
2019-11-13 14:22:54  [ enmbx-pool-0:3033 ] - [ INFO ]  enmbx-pool-0...开始...
2019-11-13 14:22:54  [ enmbx-pool-1:3042 ] - [ INFO ]  enmbx-pool-1...开始...
2019-11-13 14:22:54  [ enmbx-pool-12:3043 ] - [ INFO ]  enmbx-pool-12...开始...
2019-11-13 14:22:54  [ enmbx-pool-13:3042 ] - [ INFO ]  enmbx-pool-13...开始...
2019-11-13 14:22:54  [ enmbx-pool-17:3042 ] - [ INFO ]  enmbx-pool-17...开始...
2019-11-13 14:22:54  [ enmbx-pool-17:3090 ] - [ WARN ]  SFTP连接参数错误,请检查sourceConfig配置文件!!!
2019-11-13 14:22:54  [ enmbx-pool-17:3091 ] - [ INFO ]  enmbx-pool-17结束. 还有17 个线程
2019-11-13 14:22:54  [ enmbx-pool-14:3042 ] - [ INFO ]  enmbx-pool-14...开始...
2019-11-13 14:22:54  [ enmbx-pool-14:3092 ] - [ WARN ]  SFTP连接参数错误,请检查sourceConfig配置文件!!!
2019-11-13 14:22:54  [ enmbx-pool-14:3092 ] - [ INFO ]  enmbx-pool-14结束. 还有16 个线程
2019-11-13 14:22:54  [ enmbx-pool-11:3096 ] - [ INFO ]  enmbx-pool-11...开始...
2019-11-13 14:22:54  [ enmbx-pool-15:3042 ] - [ INFO ]  enmbx-pool-15...开始...
2019-11-13 14:22:54  [ enmbx-pool-15:3102 ] - [ WARN ]  SFTP连接参数错误,请检查sourceConfig配置文件!!!
2019-11-13 14:22:54  [ enmbx-pool-15:3102 ] - [ INFO ]  enmbx-pool-15结束. 还有15 个线程
2019-11-13 14:22:54  [ enmbx-pool-16:3042 ] - [ INFO ]  enmbx-pool-16...开始...
2019-11-13 14:22:54  [ enmbx-pool-6:3090 ] - [ INFO ]  enmbx-pool-6...开始...
2019-11-13 14:22:54  [ enmbx-pool-6:3119 ] - [ WARN ]  SFTP连接参数错误,请检查sourceConfig配置文件!!!
2019-11-13 14:22:54  [ enmbx-pool-6:3119 ] - [ INFO ]  enmbx-pool-6结束. 还有14 个线程
2019-11-13 14:22:54  [ enmbx-pool-3:3083 ] - [ INFO ]  enmbx-pool-3...开始...
2019-11-13 14:22:54  [ enmbx-pool-2:3083 ] - [ INFO ]  enmbx-pool-2...开始...
2019-11-13 14:22:54  [ enmbx-pool-4:3083 ] - [ INFO ]  enmbx-pool-4...开始...
2019-11-13 14:22:54  [ enmbx-pool-4:3123 ] - [ WARN ]  SFTP连接参数错误,请检查sourceConfig配置文件!!!
2019-11-13 14:22:54  [ enmbx-pool-4:3124 ] - [ INFO ]  enmbx-pool-4结束. 还有13 个线程
2019-11-13 14:22:54  [ enmbx-pool-5:3083 ] - [ INFO ]  enmbx-pool-5...开始...
2019-11-13 14:22:54  [ enmbx-pool-5:3135 ] - [ WARN ]  SFTP连接参数错误,请检查sourceConfig配置文件!!!
2019-11-13 14:22:54  [ enmbx-pool-5:3135 ] - [ INFO ]  enmbx-pool-5结束. 还有12 个线程
2019-11-13 14:22:54  [ enmbx-pool-7:3082 ] - [ INFO ]  enmbx-pool-7...开始...
2019-11-13 14:22:54  [ enmbx-pool-7:3146 ] - [ WARN ]  SFTP连接参数错误,请检查sourceConfig配置文件!!!
2019-11-13 14:22:54  [ enmbx-pool-7:3146 ] - [ INFO ]  enmbx-pool-7结束. 还有11 个线程
2019-11-13 14:22:54  [ enmbx-pool-10:3082 ] - [ INFO ]  enmbx-pool-10...开始...
2019-11-13 14:22:54  [ enmbx-pool-8:3082 ] - [ INFO ]  enmbx-pool-8...开始...
2019-11-13 14:22:54  [ enmbx-pool-8:3152 ] - [ WARN ]  SFTP连接参数错误,请检查sourceConfig配置文件!!!
2019-11-13 14:22:54  [ enmbx-pool-8:3152 ] - [ INFO ]  enmbx-pool-8结束. 还有10 个线程
2019-11-13 14:22:54  [ enmbx-pool-9:3082 ] - [ INFO ]  enmbx-pool-9...开始...
2019-11-13 14:23:09  [ enmbx-pool-16:18183 ] - [ INFO ]  该channel是新连接的，ID为：0
2019-11-13 14:23:09  [ enmbx-pool-16:18184 ] - [ INFO ]  SFTP登陆成功耗时：18 (秒)
2019-11-13 14:23:09  [ enmbx-pool-16:18184 ] - [ INFO ]  获取：2019111004/PM-NBIoT-EUTRANCELLNB-02-*-20191110041500-15.csv.gz
2019-11-13 14:23:09  [ enmbx-pool-9:18235 ] - [ INFO ]  该channel是新连接的，ID为：1
2019-11-13 14:23:09  [ enmbx-pool-9:18236 ] - [ INFO ]  SFTP登陆成功耗时：18 (秒)
2019-11-13 14:23:09  [ enmbx-pool-9:18236 ] - [ INFO ]  获取：2019111004/PM-NBIoT-EUTRANCELLNB-02-*-20191110041500-15.csv.gz
2019-11-13 14:23:09  [ enmbx-pool-10:18246 ] - [ INFO ]  该channel是新连接的，ID为：2
2019-11-13 14:23:09  [ enmbx-pool-10:18247 ] - [ INFO ]  SFTP登陆成功耗时：18 (秒)
2019-11-13 14:23:09  [ enmbx-pool-10:18247 ] - [ INFO ]  获取：2019111004/PM-NBIoT-EUTRANCELLNB-03-*-20191110041500-15.csv.gz
2019-11-13 14:23:09  [ enmbx-pool-11:18276 ] - [ INFO ]  该channel是新连接的，ID为：4
2019-11-13 14:23:09  [ enmbx-pool-3:18276 ] - [ INFO ]  该channel是新连接的，ID为：3
2019-11-13 14:23:09  [ enmbx-pool-3:18277 ] - [ INFO ]  SFTP登陆成功耗时：18 (秒)
2019-11-13 14:23:09  [ enmbx-pool-11:18277 ] - [ INFO ]  SFTP登陆成功耗时：18 (秒)
2019-11-13 14:23:09  [ enmbx-pool-3:18278 ] - [ INFO ]  获取：2019111004/PM-NBIoT-EUTRANCELLNB-04-*-20191110041500-15.csv.gz
2019-11-13 14:23:09  [ enmbx-pool-11:18279 ] - [ INFO ]  获取：2019111004/PM-NBIoT-EUTRANCELLNB-05-*-20191110041500-15.csv.gz
2019-11-13 14:23:09  [ enmbx-pool-2:18327 ] - [ INFO ]  该channel是新连接的，ID为：5
2019-11-13 14:23:09  [ enmbx-pool-2:18328 ] - [ INFO ]  SFTP登陆成功耗时：18 (秒)
2019-11-13 14:23:09  [ enmbx-pool-2:18329 ] - [ INFO ]  获取：2019111004/PM-NBIoT-EUTRANCELLNB-02-*-20191110041500-15.csv.gz
2019-11-13 14:23:09  [ enmbx-pool-13:18431 ] - [ INFO ]  该channel是新连接的，ID为：6
2019-11-13 14:23:09  [ enmbx-pool-13:18431 ] - [ INFO ]  SFTP登陆成功耗时：18 (秒)
2019-11-13 14:23:09  [ enmbx-pool-13:18432 ] - [ INFO ]  获取：2019111004/PM-NBIoT-EUTRANCELLNB-03-*-20191110041500-15.csv.gz
2019-11-13 14:23:09  [ enmbx-pool-0:18445 ] - [ INFO ]  该channel是新连接的，ID为：7
2019-11-13 14:23:09  [ enmbx-pool-0:18446 ] - [ INFO ]  SFTP登陆成功耗时：18 (秒)
2019-11-13 14:23:09  [ enmbx-pool-0:18446 ] - [ INFO ]  获取：2019111004/PM-NBIoT-EUTRANCELLNB-03-*-20191110041500-15.csv.gz
2019-11-13 14:23:09  [ enmbx-pool-1:18522 ] - [ INFO ]  该channel是新连接的，ID为：8
2019-11-13 14:23:09  [ enmbx-pool-1:18522 ] - [ INFO ]  SFTP登陆成功耗时：18 (秒)
2019-11-13 14:23:09  [ enmbx-pool-1:18523 ] - [ INFO ]  获取：2019111004/PM-NBIoT-EUTRANCELLNB-04-*-20191110041500-15.csv.gz
2019-11-13 14:23:09  [ enmbx-pool-12:18523 ] - [ INFO ]  该channel是新连接的，ID为：9
2019-11-13 14:23:09  [ enmbx-pool-12:18524 ] - [ INFO ]  SFTP登陆成功耗时：18 (秒)
2019-11-13 14:23:09  [ enmbx-pool-12:18524 ] - [ INFO ]  获取：2019111004/PM-NBIoT-EUTRANCELLNB-03-*-20191110041500-15.csv.gz
2019-11-13 14:23:10  [ enmbx-pool-16:19079 ] - [ INFO ]  测试模式 文件名：PM-NBIoT-EUTRANCELLNB-02-V3.2.0-20191110041500-15.csv
2019-11-13 14:23:10  [ enmbx-pool-9:19085 ] - [ INFO ]  测试模式 文件名：PM-NBIoT-EUTRANCELLNB-02-V3.2.0-20191110041500-15.csv
2019-11-13 14:23:10  [ enmbx-pool-10:19210 ] - [ INFO ]  enmbx-pool-10获取不到该时段文件，30 (秒) 后继续查询
2019-11-13 14:23:10  [ enmbx-pool-11:19211 ] - [ INFO ]  测试模式 文件名：PM-NBIoT-EUTRANCELLNB-05-V3.2.0-20191110041500-15.csv
2019-11-13 14:23:10  [ enmbx-pool-3:19213 ] - [ INFO ]  测试模式 文件名：PM-NBIoT-EUTRANCELLNB-04-V3.2.0-20191110041500-15.csv
2019-11-13 14:23:10  [ enmbx-pool-13:19352 ] - [ INFO ]  测试模式 文件名：PM-NBIoT-EUTRANCELLNB-03-V3.2.0-20191110041500-15.csv
2019-11-13 14:23:10  [ enmbx-pool-2:19353 ] - [ INFO ]  enmbx-pool-2获取不到该时段文件，30 (秒) 后继续查询
2019-11-13 14:23:10  [ enmbx-pool-0:19505 ] - [ INFO ]  测试模式 文件名：PM-NBIoT-EUTRANCELLNB-03-V3.2.0-20191110041500-15.csv
2019-11-13 14:23:10  [ enmbx-pool-12:19507 ] - [ INFO ]  enmbx-pool-12获取不到该时段文件，30 (秒) 后继续查询
2019-11-13 14:23:10  [ enmbx-pool-1:19544 ] - [ INFO ]  测试模式 文件名：PM-NBIoT-EUTRANCELLNB-04-V3.2.0-20191110041500-15.csv
2019-11-13 14:23:11  [ enmbx-pool-16:20299 ] - [ INFO ]  PM-NBIoT-EUTRANCELLNB-02-V3.2.0-20191110041500-15.csv.gz 原文件大小：1369
2019-11-13 14:23:11  [ enmbx-pool-3:20325 ] - [ INFO ]  PM-NBIoT-EUTRANCELLNB-04-V3.2.0-20191110041500-15.csv.gz 原文件大小：1168
2019-11-13 14:23:11  [ enmbx-pool-16:20338 ] - [ INFO ]  修改前Succ：0
2019-11-13 14:23:11  [ enmbx-pool-16:20338 ] - [ INFO ]  修改前Att：0
2019-11-13 14:23:11  [ enmbx-pool-16:20339 ] - [ INFO ]  修改后Succ：0
2019-11-13 14:23:11  [ enmbx-pool-16:20349 ] - [ INFO ]  修改前Succ：0
2019-11-13 14:23:11  [ enmbx-pool-16:20349 ] - [ INFO ]  修改前Att：0
2019-11-13 14:23:11  [ enmbx-pool-16:20350 ] - [ INFO ]  修改后Succ：0
2019-11-13 14:23:11  [ enmbx-pool-16:20370 ] - [ INFO ]  修改前Succ：0
2019-11-13 14:23:11  [ enmbx-pool-16:20371 ] - [ INFO ]  修改前Att：0
2019-11-13 14:23:11  [ enmbx-pool-16:20380 ] - [ INFO ]  修改后Succ：0
2019-11-13 14:23:11  [ enmbx-pool-13:20384 ] - [ INFO ]  PM-NBIoT-EUTRANCELLNB-03-V3.2.0-20191110041500-15.csv.gz 原文件大小：1352
2019-11-13 14:23:11  [ enmbx-pool-3:20380 ] - [ INFO ]  文件处理耗时：20 (秒)
2019-11-13 14:23:11  [ enmbx-pool-16:20394 ] - [ INFO ]  文件处理耗时：20 (秒)
2019-11-13 14:23:11  [ enmbx-pool-9:20396 ] - [ INFO ]  PM-NBIoT-EUTRANCELLNB-02-V3.2.0-20191110041500-15.csv.gz 原文件大小：1347
2019-11-13 14:23:11  [ enmbx-pool-13:20419 ] - [ INFO ]  文件处理耗时：20 (秒)
2019-11-13 14:23:11  [ enmbx-pool-9:20422 ] - [ INFO ]  文件处理耗时：20 (秒)
2019-11-13 14:23:11  [ enmbx-pool-3:20424 ] - [ INFO ]  PM-NBIoT-EUTRANCELLNB-04-V3.2.0-20191110041500-15.csv.gz 文件大小：1172
2019-11-13 14:23:11  [ enmbx-pool-11:20427 ] - [ INFO ]  PM-NBIoT-EUTRANCELLNB-05-V3.2.0-20191110041500-15.csv.gz 原文件大小：1756
2019-11-13 14:23:11  [ enmbx-pool-13:20432 ] - [ INFO ]  PM-NBIoT-EUTRANCELLNB-03-V3.2.0-20191110041500-15.csv.gz 文件大小：1356
2019-11-13 14:23:11  [ enmbx-pool-16:20434 ] - [ INFO ]  PM-NBIoT-EUTRANCELLNB-02-V3.2.0-20191110041500-15.csv.gz 文件大小：1374
2019-11-13 14:23:11  [ enmbx-pool-9:20442 ] - [ INFO ]  PM-NBIoT-EUTRANCELLNB-02-V3.2.0-20191110041500-15.csv.gz 文件大小：1351
2019-11-13 14:23:11  [ enmbx-pool-11:20457 ] - [ INFO ]  文件处理耗时：20 (秒)
2019-11-13 14:23:11  [ enmbx-pool-11:20466 ] - [ INFO ]  PM-NBIoT-EUTRANCELLNB-05-V3.2.0-20191110041500-15.csv.gz 文件大小：1760
2019-11-13 14:23:12  [ enmbx-pool-0:20634 ] - [ INFO ]  PM-NBIoT-EUTRANCELLNB-03-V3.2.0-20191110041500-15.csv.gz 原文件大小：1240
2019-11-13 14:23:12  [ enmbx-pool-1:20678 ] - [ INFO ]  PM-NBIoT-EUTRANCELLNB-04-V3.2.0-20191110041500-15.csv.gz 原文件大小：1453
2019-11-13 14:23:12  [ enmbx-pool-0:20682 ] - [ INFO ]  文件处理耗时：20 (秒)
2019-11-13 14:23:12  [ enmbx-pool-1:20716 ] - [ INFO ]  文件处理耗时：20 (秒)
2019-11-13 14:23:12  [ enmbx-pool-0:20739 ] - [ INFO ]  PM-NBIoT-EUTRANCELLNB-03-V3.2.0-20191110041500-15.csv.gz 文件大小：1244
2019-11-13 14:23:12  [ enmbx-pool-1:20747 ] - [ INFO ]  PM-NBIoT-EUTRANCELLNB-04-V3.2.0-20191110041500-15.csv.gz 文件大小：1458
2019-11-13 14:23:12  [ enmbx-pool-16:21305 ] - [ INFO ]  =======10.212.111.185TDD上传成功=======
2019-11-13 14:23:12  [ enmbx-pool-3:21364 ] - [ INFO ]  =======10.212.202.165TDD上传成功=======
2019-11-13 14:23:12  [ enmbx-pool-9:21424 ] - [ INFO ]  =======10.212.202.163TDD上传成功=======
2019-11-13 14:23:12  [ enmbx-pool-11:21487 ] - [ INFO ]  =======10.212.254.210TDD上传成功=======
2019-11-13 14:23:12  [ enmbx-pool-13:21553 ] - [ INFO ]  =======10.212.111.186TDD上传成功=======
2019-11-13 14:23:13  [ enmbx-pool-1:21797 ] - [ INFO ]  =======10.212.254.209TDD上传成功=======
2019-11-13 14:23:13  [ enmbx-pool-0:21921 ] - [ INFO ]  =======10.212.202.164TDD上传成功=======
2019-11-13 14:23:13  [ enmbx-pool-16:22012 ] - [ INFO ]  PM-NBIoT-EUTRANCELLNB-02-*-20191110041500-15.csv.gz  文件大小为：1374
2019-11-13 14:23:13  [ enmbx-pool-16:22012 ] - [ INFO ]  enmbx-pool-16结束. 还有9 个线程 耗时：22 (秒)
2019-11-13 14:23:13  [ enmbx-pool-9:22146 ] - [ INFO ]  PM-NBIoT-EUTRANCELLNB-02-*-20191110041500-15.csv.gz  文件大小为：1351
2019-11-13 14:23:13  [ enmbx-pool-9:22146 ] - [ INFO ]  enmbx-pool-9结束. 还有8 个线程 耗时：22 (秒)
2019-11-13 14:23:13  [ enmbx-pool-3:22146 ] - [ INFO ]  PM-NBIoT-EUTRANCELLNB-04-*-20191110041500-15.csv.gz  文件大小为：1172
2019-11-13 14:23:13  [ enmbx-pool-3:22147 ] - [ INFO ]  enmbx-pool-3结束. 还有7 个线程 耗时：22 (秒)
2019-11-13 14:23:13  [ enmbx-pool-11:22300 ] - [ INFO ]  PM-NBIoT-EUTRANCELLNB-05-*-20191110041500-15.csv.gz  文件大小为：1760
2019-11-13 14:23:13  [ enmbx-pool-13:22300 ] - [ INFO ]  PM-NBIoT-EUTRANCELLNB-03-*-20191110041500-15.csv.gz  文件大小为：1356
2019-11-13 14:23:13  [ enmbx-pool-13:22300 ] - [ INFO ]  enmbx-pool-13结束. 还有5 个线程 耗时：22 (秒)
2019-11-13 14:23:13  [ enmbx-pool-11:22300 ] - [ INFO ]  enmbx-pool-11结束. 还有6 个线程 耗时：22 (秒)
2019-11-13 14:23:14  [ enmbx-pool-1:22978 ] - [ INFO ]  PM-NBIoT-EUTRANCELLNB-04-*-20191110041500-15.csv.gz  文件大小为：1458
2019-11-13 14:23:14  [ enmbx-pool-1:22979 ] - [ INFO ]  enmbx-pool-1结束. 还有4 个线程 耗时：22 (秒)
2019-11-13 14:23:14  [ enmbx-pool-0:23110 ] - [ INFO ]  PM-NBIoT-EUTRANCELLNB-03-*-20191110041500-15.csv.gz  文件大小为：1244
2019-11-13 14:23:14  [ enmbx-pool-0:23111 ] - [ INFO ]  enmbx-pool-0结束. 还有3 个线程 耗时：23 (秒)
2019-11-13 14:23:41  [ enmbx-pool-10:49828 ] - [ INFO ]  enmbx-pool-10获取不到该时段文件，30 (秒) 后继续查询
2019-11-13 14:23:41  [ enmbx-pool-2:50066 ] - [ INFO ]  enmbx-pool-2获取不到该时段文件，30 (秒) 后继续查询
2019-11-13 14:23:41  [ enmbx-pool-12:50121 ] - [ INFO ]  enmbx-pool-12获取不到该时段文件，30 (秒) 后继续查询
2019-11-13 14:24:12  [ enmbx-pool-10:80615 ] - [ INFO ]  enmbx-pool-10获取不到该时段文件，30 (秒) 后继续查询
2019-11-13 14:24:12  [ enmbx-pool-12:80901 ] - [ INFO ]  enmbx-pool-12获取不到该时段文件，30 (秒) 后继续查询
2019-11-13 14:24:12  [ enmbx-pool-2:81027 ] - [ INFO ]  enmbx-pool-2获取不到该时段文件，30 (秒) 后继续查询
2019-11-13 14:27:48  [ main:0 ] - [ INFO ]  ===========main开始===========
2019-11-13 14:27:50  [ enmbx-pool-0:2205 ] - [ INFO ]  enmbx-pool-0...开始...
2019-11-13 14:28:04  [ enmbx-pool-0:15223 ] - [ INFO ]  该channel是新连接的，ID为：0
2019-11-13 14:28:04  [ enmbx-pool-0:15227 ] - [ INFO ]  SFTP登陆成功耗时：15 (秒)
2019-11-13 14:28:04  [ enmbx-pool-0:15227 ] - [ INFO ]  获取：2019111004/PM-NBIoT-EUTRANCELLNB-02-*-20191110041500-15.csv.gz
2019-11-13 14:28:04  [ enmbx-pool-0:15793 ] - [ INFO ]  测试模式 文件名：PM-NBIoT-EUTRANCELLNB-02-V3.2.0-20191110041500-15.csv
2019-11-13 14:28:05  [ enmbx-pool-0:16709 ] - [ INFO ]  PM-NBIoT-EUTRANCELLNB-02-V3.2.0-20191110041500-15.csv.gz 原文件大小：1374
2019-11-13 14:28:05  [ enmbx-pool-0:16724 ] - [ INFO ]  修改前Succ：0
2019-11-13 14:28:05  [ enmbx-pool-0:16724 ] - [ INFO ]  修改前Att：0
2019-11-13 14:28:05  [ enmbx-pool-0:16725 ] - [ INFO ]  修改后Succ：0
2019-11-13 14:28:05  [ enmbx-pool-0:16727 ] - [ INFO ]  修改前Succ：0
2019-11-13 14:28:05  [ enmbx-pool-0:16727 ] - [ INFO ]  修改前Att：0
2019-11-13 14:28:05  [ enmbx-pool-0:16727 ] - [ INFO ]  修改后Succ：0
2019-11-13 14:28:05  [ enmbx-pool-0:16729 ] - [ INFO ]  修改前Succ：0
2019-11-13 14:28:05  [ enmbx-pool-0:16730 ] - [ INFO ]  修改前Att：0
2019-11-13 14:28:05  [ enmbx-pool-0:16730 ] - [ INFO ]  修改后Succ：0
2019-11-13 14:28:05  [ enmbx-pool-0:16733 ] - [ INFO ]  文件处理耗时：16 (秒)
2019-11-13 14:28:05  [ enmbx-pool-0:16741 ] - [ INFO ]  PM-NBIoT-EUTRANCELLNB-02-V3.2.0-20191110041500-15.csv.gz 文件大小：1374
2019-11-13 14:28:06  [ enmbx-pool-0:18045 ] - [ INFO ]  =======10.212.111.185TDD上传成功=======
2019-11-13 14:28:07  [ enmbx-pool-0:18748 ] - [ INFO ]  PM-NBIoT-EUTRANCELLNB-02-*-20191110041500-15.csv.gz  文件大小为：1374
2019-11-13 14:28:07  [ enmbx-pool-0:18749 ] - [ INFO ]  enmbx-pool-0结束. 还有0 个线程 耗时：18 (秒)
2019-11-13 14:28:07  [ main:18754 ] - [ INFO ]  ===========主程序结束===========
2019-11-13 14:28:07  [ main:18754 ] - [ INFO ]  本次耗时：18 (秒)
2019-11-13 14:28:43  [ main:0 ] - [ INFO ]  ===========main开始===========
2019-11-13 14:28:46  [ enmbx-pool-0:2019 ] - [ INFO ]  enmbx-pool-0...开始...
2019-11-13 14:28:59  [ enmbx-pool-0:15560 ] - [ INFO ]  该channel是新连接的，ID为：0
2019-11-13 14:28:59  [ enmbx-pool-0:15565 ] - [ INFO ]  SFTP登陆成功耗时：15 (秒)
2019-11-13 14:28:59  [ enmbx-pool-0:15566 ] - [ INFO ]  获取：2019111304/PM-NBIoT-EUTRANCELLNB-02-*-20191113041500-15.csv.gz
2019-11-13 14:29:00  [ enmbx-pool-0:16369 ] - [ INFO ]  测试模式 文件名：PM-NBIoT-EUTRANCELLNB-02-V3.2.0-20191113041500-15.csv
2019-11-13 14:29:01  [ enmbx-pool-0:17281 ] - [ INFO ]  PM-NBIoT-EUTRANCELLNB-02-V3.2.0-20191113041500-15.csv.gz 原文件大小：1267
2019-11-13 14:29:01  [ enmbx-pool-0:17294 ] - [ INFO ]  修改前Succ：0
2019-11-13 14:29:01  [ enmbx-pool-0:17295 ] - [ INFO ]  修改前Att：0
2019-11-13 14:29:01  [ enmbx-pool-0:17295 ] - [ INFO ]  修改后Succ：0
2019-11-13 14:29:01  [ enmbx-pool-0:17297 ] - [ INFO ]  修改前Succ：0
2019-11-13 14:29:01  [ enmbx-pool-0:17298 ] - [ INFO ]  修改前Att：0
2019-11-13 14:29:01  [ enmbx-pool-0:17298 ] - [ INFO ]  修改后Succ：0
2019-11-13 14:29:01  [ enmbx-pool-0:17300 ] - [ INFO ]  修改前Succ：0
2019-11-13 14:29:01  [ enmbx-pool-0:17300 ] - [ INFO ]  修改前Att：0
2019-11-13 14:29:01  [ enmbx-pool-0:17301 ] - [ INFO ]  修改后Succ：0
2019-11-13 14:29:01  [ enmbx-pool-0:17315 ] - [ INFO ]  文件处理耗时：17 (秒)
2019-11-13 14:29:01  [ enmbx-pool-0:17321 ] - [ INFO ]  PM-NBIoT-EUTRANCELLNB-02-V3.2.0-20191113041500-15.csv.gz 文件大小：1271
2019-11-13 14:29:02  [ enmbx-pool-0:18690 ] - [ INFO ]  =======10.212.111.185TDD上传成功=======
2019-11-13 14:29:03  [ enmbx-pool-0:19940 ] - [ INFO ]  PM-NBIoT-EUTRANCELLNB-02-*-20191113041500-15.csv.gz  文件大小为：1271
2019-11-13 14:29:03  [ enmbx-pool-0:19941 ] - [ INFO ]  enmbx-pool-0结束. 还有0 个线程 耗时：19 (秒)
2019-11-13 14:29:03  [ main:19944 ] - [ INFO ]  ===========主程序结束===========
2019-11-13 14:29:03  [ main:19945 ] - [ INFO ]  本次耗时：19 (秒)
